<?xml version="1.0" encoding="UTF-8"?>
<coverage generated="1770489109374" clover="3.2.0">
  <project timestamp="1770489109374" name="All files">
    <metrics statements="592" coveredstatements="561" conditionals="398" coveredconditionals="325" methods="176" coveredmethods="166" elements="1166" coveredelements="1052" complexity="0" loc="592" ncloc="592" packages="5" files="14" classes="14"/>
    <package name="main">
      <metrics statements="20" coveredstatements="20" conditionals="25" coveredconditionals="25" methods="3" coveredmethods="3"/>
      <file name="gitStatusParser.ts" path="/Users/robennals/broomer-repos/broomer/feature/codex-gemini/src/main/gitStatusParser.ts">
        <metrics statements="20" coveredstatements="20" conditionals="25" coveredconditionals="25" methods="3" coveredmethods="3"/>
        <line num="5" count="20" type="cond" truecount="6" falsecount="0"/>
        <line num="6" count="6" type="stmt"/>
        <line num="7" count="3" type="stmt"/>
        <line num="8" count="4" type="stmt"/>
        <line num="9" count="2" type="stmt"/>
        <line num="10" count="2" type="stmt"/>
        <line num="11" count="3" type="stmt"/>
        <line num="28" count="10" type="cond" truecount="2" falsecount="0"/>
        <line num="29" count="10" type="cond" truecount="2" falsecount="0"/>
        <line num="30" count="10" type="cond" truecount="2" falsecount="0"/>
        <line num="31" count="10" type="cond" truecount="2" falsecount="0"/>
        <line num="33" count="10" type="stmt"/>
        <line num="35" count="10" type="cond" truecount="2" falsecount="0"/>
        <line num="36" count="6" type="stmt"/>
        <line num="39" count="10" type="cond" truecount="5" falsecount="0"/>
        <line num="40" count="6" type="stmt"/>
        <line num="41" count="4" type="cond" truecount="4" falsecount="0"/>
        <line num="43" count="1" type="stmt"/>
        <line num="46" count="10" type="stmt"/>
        <line num="53" count="6" type="stmt"/>
      </file>
    </package>
    <package name="renderer.components.fileViewers">
      <metrics statements="3" coveredstatements="3" conditionals="2" coveredconditionals="2" methods="2" coveredmethods="2"/>
      <file name="types.ts" path="/Users/robennals/broomer-repos/broomer/feature/codex-gemini/src/renderer/components/fileViewers/types.ts">
        <metrics statements="3" coveredstatements="3" conditionals="2" coveredconditionals="2" methods="2" coveredmethods="2"/>
        <line num="46" count="11" type="cond" truecount="2" falsecount="0"/>
        <line num="51" count="4" type="stmt"/>
        <line num="52" count="4" type="stmt"/>
      </file>
    </package>
    <package name="renderer.panels">
      <metrics statements="22" coveredstatements="22" conditionals="2" coveredconditionals="2" methods="14" coveredmethods="14"/>
      <file name="registry.ts" path="/Users/robennals/broomer-repos/broomer/feature/codex-gemini/src/renderer/panels/registry.ts">
        <metrics statements="19" coveredstatements="19" conditionals="2" coveredconditionals="2" methods="14" coveredmethods="14"/>
        <line num="4" count="12" type="stmt"/>
        <line num="7" count="15" type="stmt"/>
        <line num="11" count="1" type="stmt"/>
        <line num="12" count="2" type="stmt"/>
        <line num="17" count="3" type="stmt"/>
        <line num="21" count="8" type="stmt"/>
        <line num="25" count="4" type="stmt"/>
        <line num="26" count="5" type="cond" truecount="2" falsecount="0"/>
        <line num="27" count="3" type="stmt"/>
        <line num="29" count="2" type="stmt"/>
        <line num="34" count="1" type="stmt"/>
        <line num="35" count="2" type="stmt"/>
        <line num="36" count="1" type="stmt"/>
        <line num="40" count="1" type="stmt"/>
        <line num="41" count="2" type="stmt"/>
        <line num="42" count="1" type="stmt"/>
        <line num="46" count="2" type="stmt"/>
        <line num="50" count="4" type="stmt"/>
        <line num="55" count="1" type="stmt"/>
      </file>
      <file name="types.ts" path="/Users/robennals/broomer-repos/broomer/feature/codex-gemini/src/renderer/panels/types.ts">
        <metrics statements="3" coveredstatements="3" conditionals="0" coveredconditionals="0" methods="0" coveredmethods="0"/>
        <line num="29" count="2" type="stmt"/>
        <line num="42" count="2" type="stmt"/>
        <line num="52" count="2" type="stmt"/>
      </file>
    </package>
    <package name="renderer.store">
      <metrics statements="363" coveredstatements="338" conditionals="226" coveredconditionals="165" methods="122" coveredmethods="112"/>
      <file name="agents.ts" path="/Users/robennals/broomer-repos/broomer/feature/codex-gemini/src/renderer/store/agents.ts">
        <metrics statements="26" coveredstatements="26" conditionals="8" coveredconditionals="6" methods="8" coveredmethods="8"/>
        <line num="18" count="1" type="stmt"/>
        <line num="20" count="1" type="stmt"/>
        <line num="25" count="3" type="cond" truecount="2" falsecount="0"/>
        <line num="26" count="1" type="stmt"/>
        <line num="28" count="3" type="cond" truecount="2" falsecount="0"/>
        <line num="29" count="3" type="stmt"/>
        <line num="30" count="3" type="stmt"/>
        <line num="31" count="2" type="cond" truecount="1" falsecount="1"/>
        <line num="33" count="1" type="stmt"/>
        <line num="38" count="1" type="stmt"/>
        <line num="43" count="1" type="stmt"/>
        <line num="44" count="1" type="stmt"/>
        <line num="45" count="1" type="stmt"/>
        <line num="48" count="1" type="stmt"/>
        <line num="49" count="1" type="stmt"/>
        <line num="57" count="1" type="stmt"/>
        <line num="58" count="1" type="stmt"/>
        <line num="59" count="1" type="cond" truecount="1" falsecount="1"/>
        <line num="61" count="1" type="stmt"/>
        <line num="64" count="1" type="stmt"/>
        <line num="65" count="1" type="stmt"/>
        <line num="73" count="1" type="stmt"/>
        <line num="74" count="2" type="stmt"/>
        <line num="75" count="1" type="stmt"/>
        <line num="78" count="1" type="stmt"/>
        <line num="79" count="1" type="stmt"/>
      </file>
      <file name="errors.ts" path="/Users/robennals/broomer-repos/broomer/feature/codex-gemini/src/renderer/store/errors.ts">
        <metrics statements="9" coveredstatements="9" conditionals="0" coveredconditionals="0" methods="9" coveredmethods="9"/>
        <line num="20" count="69" type="stmt"/>
        <line num="22" count="1" type="stmt"/>
        <line num="27" count="69" type="stmt"/>
        <line num="32" count="69" type="stmt"/>
        <line num="33" count="69" type="stmt"/>
        <line num="40" count="1" type="stmt"/>
        <line num="41" count="2" type="stmt"/>
        <line num="46" count="1" type="stmt"/>
        <line num="50" count="1" type="stmt"/>
      </file>
      <file name="profiles.ts" path="/Users/robennals/broomer-repos/broomer/feature/codex-gemini/src/renderer/store/profiles.ts">
        <metrics statements="32" coveredstatements="32" conditionals="10" coveredconditionals="9" methods="11" coveredmethods="11"/>
        <line num="19" count="1" type="stmt"/>
        <line num="23" count="3" type="stmt"/>
        <line num="24" count="3" type="cond" truecount="2" falsecount="0"/>
        <line num="27" count="1" type="stmt"/>
        <line num="33" count="3" type="stmt"/>
        <line num="34" count="3" type="stmt"/>
        <line num="35" count="2" type="stmt"/>
        <line num="36" count="2" type="stmt"/>
        <line num="42" count="2" type="cond" truecount="2" falsecount="0"/>
        <line num="43" count="1" type="stmt"/>
        <line num="49" count="1" type="stmt"/>
        <line num="59" count="1" type="stmt"/>
        <line num="61" count="1" type="stmt"/>
        <line num="62" count="1" type="stmt"/>
        <line num="66" count="1" type="stmt"/>
        <line num="67" count="1" type="stmt"/>
        <line num="68" count="1" type="stmt"/>
        <line num="69" count="1" type="stmt"/>
        <line num="70" count="1" type="stmt"/>
        <line num="71" count="1" type="stmt"/>
        <line num="75" count="3" type="stmt"/>
        <line num="76" count="3" type="cond" truecount="2" falsecount="0"/>
        <line num="77" count="2" type="cond" truecount="2" falsecount="0"/>
        <line num="78" count="2" type="stmt"/>
        <line num="79" count="1" type="stmt"/>
        <line num="80" count="1" type="stmt"/>
        <line num="84" count="1" type="stmt"/>
        <line num="85" count="1" type="stmt"/>
        <line num="86" count="1" type="cond" truecount="1" falsecount="1"/>
        <line num="88" count="1" type="stmt"/>
        <line num="89" count="1" type="stmt"/>
        <line num="93" count="1" type="stmt"/>
      </file>
      <file name="repos.ts" path="/Users/robennals/broomer-repos/broomer/feature/codex-gemini/src/renderer/store/repos.ts">
        <metrics statements="41" coveredstatements="41" conditionals="16" coveredconditionals="13" methods="11" coveredmethods="11"/>
        <line num="4" count="1" type="stmt"/>
        <line num="8" count="3" type="cond" truecount="4" falsecount="0"/>
        <line num="9" count="2" type="stmt"/>
        <line num="10" count="2" type="cond" truecount="1" falsecount="1"/>
        <line num="12" count="1" type="stmt"/>
        <line num="29" count="1" type="stmt"/>
        <line num="35" count="5" type="cond" truecount="2" falsecount="0"/>
        <line num="36" count="1" type="stmt"/>
        <line num="38" count="5" type="cond" truecount="2" falsecount="0"/>
        <line num="39" count="5" type="stmt"/>
        <line num="40" count="5" type="stmt"/>
        <line num="41" count="4" type="stmt"/>
        <line num="42" count="4" type="cond" truecount="2" falsecount="0"/>
        <line num="45" count="5" type="stmt"/>
        <line num="51" count="1" type="stmt"/>
        <line num="56" count="1" type="stmt"/>
        <line num="61" count="1" type="stmt"/>
        <line num="62" count="1" type="stmt"/>
        <line num="63" count="1" type="stmt"/>
        <line num="65" count="1" type="stmt"/>
        <line num="66" count="1" type="stmt"/>
        <line num="74" count="4" type="stmt"/>
        <line num="75" count="4" type="stmt"/>
        <line num="76" count="4" type="cond" truecount="1" falsecount="1"/>
        <line num="78" count="4" type="stmt"/>
        <line num="80" count="4" type="stmt"/>
        <line num="81" count="4" type="stmt"/>
        <line num="89" count="1" type="stmt"/>
        <line num="90" count="2" type="stmt"/>
        <line num="91" count="1" type="stmt"/>
        <line num="93" count="1" type="stmt"/>
        <line num="94" count="1" type="stmt"/>
        <line num="102" count="2" type="stmt"/>
        <line num="103" count="2" type="stmt"/>
        <line num="105" count="2" type="stmt"/>
        <line num="106" count="2" type="stmt"/>
        <line num="107" count="2" type="stmt"/>
        <line num="115" count="3" type="stmt"/>
        <line num="116" count="3" type="stmt"/>
        <line num="117" count="2" type="stmt"/>
        <line num="119" count="1" type="stmt"/>
      </file>
      <file name="sessions.ts" path="/Users/robennals/broomer-repos/broomer/feature/codex-gemini/src/renderer/store/sessions.ts">
        <metrics statements="255" coveredstatements="230" conditionals="192" coveredconditionals="137" methods="83" coveredmethods="73"/>
        <line num="91" count="1" type="stmt"/>
        <line num="99" count="1" type="stmt"/>
        <line num="102" count="1" type="stmt"/>
        <line num="103" count="21" type="stmt"/>
        <line num="104" count="21" type="stmt"/>
        <line num="111" count="1" type="stmt"/>
        <line num="119" count="1" type="stmt"/>
        <line num="128" count="1" type="stmt"/>
        <line num="193" count="12" type="stmt"/>
        <line num="197" count="13" type="stmt"/>
        <line num="215" count="9" type="cond" truecount="2" falsecount="0"/>
        <line num="216" count="2" type="stmt"/>
        <line num="219" count="7" type="stmt"/>
        <line num="231" count="1" type="stmt"/>
        <line num="232" count="1" type="stmt"/>
        <line num="238" count="59" type="cond" truecount="2" falsecount="0"/>
        <line num="239" count="59" type="stmt"/>
        <line num="240" count="2" type="stmt"/>
        <line num="241" count="2" type="stmt"/>
        <line num="244" count="2" type="stmt"/>
        <line num="290" count="1" type="stmt"/>
        <line num="301" count="10" type="cond" truecount="1" falsecount="1"/>
        <line num="302" count="0" type="stmt"/>
        <line num="304" count="10" type="stmt"/>
        <line num="305" count="10" type="stmt"/>
        <line num="306" count="9" type="stmt"/>
        <line num="308" count="9" type="stmt"/>
        <line num="309" count="9" type="stmt"/>
        <line num="310" count="9" type="stmt"/>
        <line num="312" count="9" type="stmt"/>
        <line num="363" count="9" type="stmt"/>
        <line num="366" count="9" type="stmt"/>
        <line num="371" count="10" type="stmt"/>
        <line num="373" count="9" type="cond" truecount="4" falsecount="0"/>
        <line num="381" count="1" type="stmt"/>
        <line num="386" count="13" type="stmt"/>
        <line num="387" count="13" type="cond" truecount="2" falsecount="0"/>
        <line num="388" count="1" type="stmt"/>
        <line num="391" count="12" type="stmt"/>
        <line num="392" count="12" type="cond" truecount="2" falsecount="0"/>
        <line num="393" count="13" type="stmt"/>
        <line num="395" count="13" type="stmt"/>
        <line num="396" count="13" type="cond" truecount="2" falsecount="0"/>
        <line num="397" count="13" type="stmt"/>
        <line num="431" count="13" type="stmt"/>
        <line num="432" count="13" type="stmt"/>
        <line num="435" count="13" type="stmt"/>
        <line num="436" count="13" type="cond" truecount="4" falsecount="0"/>
        <line num="438" count="6" type="stmt"/>
        <line num="439" count="6" type="stmt"/>
        <line num="440" count="6" type="cond" truecount="1" falsecount="1"/>
        <line num="441" count="6" type="stmt"/>
        <line num="443" count="0" type="stmt"/>
        <line num="445" count="6" type="stmt"/>
        <line num="448" count="12" type="stmt"/>
        <line num="453" count="12" type="stmt"/>
        <line num="457" count="3" type="stmt"/>
        <line num="458" count="5" type="stmt"/>
        <line num="460" count="3" type="stmt"/>
        <line num="461" count="3" type="cond" truecount="1" falsecount="1"/>
        <line num="462" count="3" type="cond" truecount="2" falsecount="0"/>
        <line num="465" count="3" type="stmt"/>
        <line num="470" count="3" type="stmt"/>
        <line num="474" count="2" type="stmt"/>
        <line num="478" count="0" type="stmt"/>
        <line num="479" count="0" type="stmt"/>
        <line num="480" count="0" type="cond" truecount="0" falsecount="2"/>
        <line num="485" count="0" type="stmt"/>
        <line num="486" count="0" type="stmt"/>
        <line num="487" count="0" type="stmt"/>
        <line num="488" count="0" type="cond" truecount="0" falsecount="2"/>
        <line num="489" count="0" type="stmt"/>
        <line num="496" count="8" type="stmt"/>
        <line num="497" count="8" type="stmt"/>
        <line num="498" count="8" type="cond" truecount="1" falsecount="1"/>
        <line num="499" count="8" type="stmt"/>
        <line num="503" count="8" type="stmt"/>
        <line num="508" count="8" type="stmt"/>
        <line num="509" count="8" type="stmt"/>
        <line num="514" count="4" type="stmt"/>
        <line num="515" count="4" type="stmt"/>
        <line num="519" count="4" type="stmt"/>
        <line num="525" count="4" type="stmt"/>
        <line num="529" count="1" type="stmt"/>
        <line num="530" count="1" type="stmt"/>
        <line num="531" count="1" type="cond" truecount="1" falsecount="1"/>
        <line num="532" count="1" type="stmt"/>
        <line num="536" count="1" type="stmt"/>
        <line num="541" count="1" type="stmt"/>
        <line num="542" count="1" type="stmt"/>
        <line num="546" count="1" type="stmt"/>
        <line num="547" count="1" type="stmt"/>
        <line num="548" count="1" type="stmt"/>
        <line num="553" count="1" type="stmt"/>
        <line num="557" count="1" type="stmt"/>
        <line num="558" count="1" type="stmt"/>
        <line num="559" count="1" type="stmt"/>
        <line num="563" count="1" type="stmt"/>
        <line num="567" count="1" type="stmt"/>
        <line num="571" count="1" type="stmt"/>
        <line num="575" count="1" type="stmt"/>
        <line num="579" count="0" type="stmt"/>
        <line num="580" count="0" type="stmt"/>
        <line num="581" count="0" type="cond" truecount="0" falsecount="2"/>
        <line num="583" count="0" type="stmt"/>
        <line num="588" count="4" type="stmt"/>
        <line num="589" count="4" type="stmt"/>
        <line num="590" count="4" type="cond" truecount="1" falsecount="1"/>
        <line num="591" count="4" type="stmt"/>
        <line num="596" count="4" type="cond" truecount="1" falsecount="1"/>
        <line num="597" count="4" type="stmt"/>
        <line num="604" count="4" type="stmt"/>
        <line num="605" count="4" type="stmt"/>
        <line num="609" count="1" type="stmt"/>
        <line num="610" count="1" type="stmt"/>
        <line num="611" count="1" type="cond" truecount="1" falsecount="1"/>
        <line num="613" count="1" type="stmt"/>
        <line num="614" count="1" type="stmt"/>
        <line num="618" count="1" type="stmt"/>
        <line num="619" count="1" type="stmt"/>
        <line num="620" count="1" type="cond" truecount="1" falsecount="1"/>
        <line num="622" count="1" type="stmt"/>
        <line num="623" count="1" type="stmt"/>
        <line num="627" count="1" type="stmt"/>
        <line num="628" count="1" type="stmt"/>
        <line num="629" count="1" type="cond" truecount="1" falsecount="1"/>
        <line num="631" count="1" type="stmt"/>
        <line num="632" count="1" type="stmt"/>
        <line num="636" count="7" type="stmt"/>
        <line num="637" count="7" type="stmt"/>
        <line num="638" count="7" type="cond" truecount="1" falsecount="1"/>
        <line num="639" count="7" type="stmt"/>
        <line num="640" count="7" type="cond" truecount="2" falsecount="0"/>
        <line num="641" count="6" type="stmt"/>
        <line num="643" count="7" type="cond" truecount="2" falsecount="0"/>
        <line num="644" count="1" type="stmt"/>
        <line num="645" count="1" type="stmt"/>
        <line num="648" count="7" type="cond" truecount="4" falsecount="0"/>
        <line num="649" count="3" type="stmt"/>
        <line num="655" count="7" type="cond" truecount="4" falsecount="0"/>
        <line num="656" count="2" type="cond" truecount="1" falsecount="1"/>
        <line num="657" count="2" type="cond" truecount="2" falsecount="0"/>
        <line num="658" count="1" type="stmt"/>
        <line num="660" count="2" type="stmt"/>
        <line num="662" count="7" type="stmt"/>
        <line num="664" count="7" type="stmt"/>
        <line num="669" count="1" type="stmt"/>
        <line num="670" count="1" type="stmt"/>
        <line num="671" count="1" type="cond" truecount="1" falsecount="1"/>
        <line num="673" count="1" type="stmt"/>
        <line num="679" count="3" type="stmt"/>
        <line num="680" count="3" type="stmt"/>
        <line num="681" count="3" type="stmt"/>
        <line num="682" count="3" type="cond" truecount="1" falsecount="1"/>
        <line num="683" count="3" type="cond" truecount="2" falsecount="0"/>
        <line num="685" count="3" type="stmt"/>
        <line num="686" count="3" type="cond" truecount="1" falsecount="1"/>
        <line num="687" count="3" type="stmt"/>
        <line num="695" count="3" type="stmt"/>
        <line num="696" count="3" type="stmt"/>
        <line num="697" count="3" type="stmt"/>
        <line num="701" count="4" type="stmt"/>
        <line num="702" count="4" type="stmt"/>
        <line num="703" count="4" type="cond" truecount="1" falsecount="1"/>
        <line num="704" count="7" type="stmt"/>
        <line num="705" count="8" type="stmt"/>
        <line num="708" count="4" type="cond" truecount="2" falsecount="0"/>
        <line num="711" count="3" type="stmt"/>
        <line num="712" count="3" type="cond" truecount="2" falsecount="0"/>
        <line num="714" count="2" type="stmt"/>
        <line num="715" count="2" type="stmt"/>
        <line num="718" count="3" type="stmt"/>
        <line num="726" count="4" type="stmt"/>
        <line num="727" count="4" type="stmt"/>
        <line num="731" count="1" type="stmt"/>
        <line num="732" count="1" type="stmt"/>
        <line num="733" count="1" type="cond" truecount="1" falsecount="1"/>
        <line num="734" count="1" type="stmt"/>
        <line num="739" count="1" type="cond" truecount="1" falsecount="1"/>
        <line num="744" count="1" type="stmt"/>
        <line num="745" count="1" type="stmt"/>
        <line num="749" count="1" type="stmt"/>
        <line num="750" count="1" type="stmt"/>
        <line num="751" count="1" type="cond" truecount="1" falsecount="1"/>
        <line num="752" count="1" type="stmt"/>
        <line num="760" count="1" type="stmt"/>
        <line num="761" count="1" type="stmt"/>
        <line num="765" count="1" type="stmt"/>
        <line num="766" count="1" type="stmt"/>
        <line num="767" count="1" type="cond" truecount="1" falsecount="1"/>
        <line num="768" count="1" type="stmt"/>
        <line num="776" count="1" type="stmt"/>
        <line num="781" count="1" type="stmt"/>
        <line num="782" count="1" type="stmt"/>
        <line num="783" count="1" type="cond" truecount="1" falsecount="1"/>
        <line num="784" count="2" type="stmt"/>
        <line num="785" count="1" type="cond" truecount="1" falsecount="1"/>
        <line num="786" count="1" type="stmt"/>
        <line num="794" count="1" type="stmt"/>
        <line num="795" count="1" type="stmt"/>
        <line num="799" count="2" type="stmt"/>
        <line num="800" count="2" type="stmt"/>
        <line num="801" count="2" type="cond" truecount="1" falsecount="1"/>
        <line num="802" count="3" type="stmt"/>
        <line num="803" count="2" type="cond" truecount="1" falsecount="1"/>
        <line num="804" count="2" type="stmt"/>
        <line num="806" count="4" type="stmt"/>
        <line num="807" count="2" type="cond" truecount="2" falsecount="0"/>
        <line num="808" count="2" type="stmt"/>
        <line num="816" count="2" type="stmt"/>
        <line num="817" count="2" type="stmt"/>
        <line num="821" count="0" type="stmt"/>
        <line num="822" count="0" type="stmt"/>
        <line num="823" count="0" type="cond" truecount="0" falsecount="2"/>
        <line num="825" count="0" type="stmt"/>
        <line num="830" count="1" type="stmt"/>
        <line num="831" count="1" type="stmt"/>
        <line num="832" count="1" type="cond" truecount="1" falsecount="1"/>
        <line num="836" count="1" type="stmt"/>
        <line num="837" count="1" type="stmt"/>
        <line num="841" count="1" type="stmt"/>
        <line num="842" count="1" type="stmt"/>
        <line num="843" count="1" type="cond" truecount="1" falsecount="1"/>
        <line num="847" count="1" type="stmt"/>
        <line num="848" count="1" type="stmt"/>
        <line num="852" count="0" type="stmt"/>
        <line num="853" count="0" type="stmt"/>
        <line num="854" count="0" type="cond" truecount="0" falsecount="4"/>
        <line num="855" count="0" type="stmt"/>
        <line num="856" count="0" type="cond" truecount="0" falsecount="2"/>
        <line num="858" count="0" type="stmt"/>
        <line num="859" count="0" type="stmt"/>
        <line num="863" count="2" type="stmt"/>
        <line num="864" count="2" type="stmt"/>
        <line num="865" count="3" type="cond" truecount="2" falsecount="0"/>
        <line num="867" count="2" type="stmt"/>
        <line num="872" count="3" type="stmt"/>
        <line num="873" count="3" type="stmt"/>
        <line num="874" count="3" type="cond" truecount="1" falsecount="1"/>
        <line num="883" count="3" type="stmt"/>
        <line num="884" count="3" type="stmt"/>
        <line num="888" count="4" type="stmt"/>
        <line num="889" count="4" type="stmt"/>
        <line num="890" count="6" type="cond" truecount="2" falsecount="0"/>
        <line num="893" count="4" type="stmt"/>
        <line num="894" count="4" type="cond" truecount="2" falsecount="0"/>
        <line num="895" count="4" type="stmt"/>
        <line num="896" count="3" type="cond" truecount="2" falsecount="0"/>
        <line num="898" count="4" type="stmt"/>
        <line num="899" count="4" type="stmt"/>
        <line num="903" count="1" type="stmt"/>
        <line num="904" count="1" type="stmt"/>
        <line num="905" count="1" type="cond" truecount="1" falsecount="1"/>
        <line num="907" count="1" type="stmt"/>
        <line num="908" count="1" type="stmt"/>
      </file>
    </package>
    <package name="renderer.utils">
      <metrics statements="184" coveredstatements="178" conditionals="143" coveredconditionals="131" methods="35" coveredmethods="35"/>
      <file name="claudeOutputParser.ts" path="/Users/robennals/broomer-repos/broomer/feature/codex-gemini/src/renderer/utils/claudeOutputParser.ts">
        <metrics statements="132" coveredstatements="126" conditionals="100" coveredconditionals="88" methods="17" coveredmethods="17"/>
        <line num="9" count="1" type="stmt"/>
        <line num="14" count="1" type="stmt"/>
        <line num="33" count="1" type="stmt"/>
        <line num="36" count="1" type="stmt"/>
        <line num="42" count="10" type="stmt"/>
        <line num="46" count="1" type="stmt"/>
        <line num="68" count="1" type="stmt"/>
        <line num="95" count="1" type="stmt"/>
        <line num="104" count="48" type="stmt"/>
        <line num="105" count="48" type="stmt"/>
        <line num="106" count="48" type="stmt"/>
        <line num="107" count="48" type="stmt"/>
        <line num="108" count="48" type="stmt"/>
        <line num="109" count="48" type="stmt"/>
        <line num="115" count="259" type="stmt"/>
        <line num="117" count="259" type="stmt"/>
        <line num="119" count="259" type="stmt"/>
        <line num="120" count="259" type="stmt"/>
        <line num="127" count="737" type="stmt"/>
        <line num="134" count="88" type="cond" truecount="2" falsecount="0"/>
        <line num="136" count="51" type="stmt"/>
        <line num="137" count="140" type="cond" truecount="2" falsecount="0"/>
        <line num="138" count="46" type="stmt"/>
        <line num="139" count="46" type="stmt"/>
        <line num="142" count="5" type="stmt"/>
        <line num="150" count="80" type="cond" truecount="2" falsecount="0"/>
        <line num="153" count="73" type="stmt"/>
        <line num="154" count="1158" type="cond" truecount="2" falsecount="0"/>
        <line num="159" count="60" type="stmt"/>
        <line num="160" count="60" type="stmt"/>
        <line num="161" count="125" type="stmt"/>
        <line num="163" count="125" type="cond" truecount="2" falsecount="0"/>
        <line num="164" count="1" type="stmt"/>
        <line num="167" count="124" type="cond" truecount="2" falsecount="0"/>
        <line num="168" count="6" type="stmt"/>
        <line num="171" count="118" type="cond" truecount="1" falsecount="1"/>
        <line num="172" count="0" type="stmt"/>
        <line num="176" count="53" type="stmt"/>
        <line num="184" count="83" type="stmt"/>
        <line num="187" count="83" type="stmt"/>
        <line num="188" count="83" type="cond" truecount="2" falsecount="0"/>
        <line num="189" count="1" type="stmt"/>
        <line num="191" count="82" type="cond" truecount="2" falsecount="0"/>
        <line num="192" count="1" type="stmt"/>
        <line num="194" count="81" type="cond" truecount="4" falsecount="0"/>
        <line num="195" count="2" type="stmt"/>
        <line num="199" count="79" type="stmt"/>
        <line num="200" count="80" type="stmt"/>
        <line num="201" count="80" type="cond" truecount="1" falsecount="1"/>
        <line num="203" count="80" type="cond" truecount="2" falsecount="0"/>
        <line num="205" count="77" type="cond" truecount="4" falsecount="0"/>
        <line num="207" count="76" type="stmt"/>
        <line num="214" count="103" type="stmt"/>
        <line num="215" count="103" type="stmt"/>
        <line num="216" count="2182" type="cond" truecount="2" falsecount="0"/>
        <line num="218" count="92" type="stmt"/>
        <line num="225" count="209" type="stmt"/>
        <line num="226" count="209" type="stmt"/>
        <line num="227" count="1003" type="cond" truecount="2" falsecount="0"/>
        <line num="229" count="195" type="stmt"/>
        <line num="236" count="76" type="cond" truecount="3" falsecount="1"/>
        <line num="238" count="76" type="cond" truecount="2" falsecount="0"/>
        <line num="240" count="76" type="cond" truecount="2" falsecount="0"/>
        <line num="242" count="75" type="cond" truecount="1" falsecount="1"/>
        <line num="243" count="75" type="cond" truecount="1" falsecount="1"/>
        <line num="244" count="75" type="cond" truecount="1" falsecount="1"/>
        <line num="245" count="75" type="stmt"/>
        <line num="253" count="88" type="stmt"/>
        <line num="256" count="88" type="stmt"/>
        <line num="259" count="88" type="stmt"/>
        <line num="260" count="175" type="stmt"/>
        <line num="261" count="175" type="cond" truecount="4" falsecount="0"/>
        <line num="263" count="11" type="stmt"/>
        <line num="267" count="11" type="cond" truecount="2" falsecount="0"/>
        <line num="268" count="1" type="stmt"/>
        <line num="270" count="11" type="stmt"/>
        <line num="275" count="77" type="stmt"/>
        <line num="276" count="160" type="stmt"/>
        <line num="277" count="160" type="cond" truecount="2" falsecount="0"/>
        <line num="278" count="111" type="cond" truecount="2" falsecount="0"/>
        <line num="279" count="103" type="cond" truecount="2" falsecount="0"/>
        <line num="281" count="92" type="cond" truecount="1" falsecount="1"/>
        <line num="283" count="92" type="cond" truecount="1" falsecount="1"/>
        <line num="284" count="92" type="stmt"/>
        <line num="287" count="77" type="cond" truecount="2" falsecount="0"/>
        <line num="289" count="76" type="stmt"/>
        <line num="291" count="76" type="stmt"/>
        <line num="294" count="76" type="cond" truecount="2" falsecount="0"/>
        <line num="296" count="75" type="cond" truecount="2" falsecount="0"/>
        <line num="297" count="1" type="stmt"/>
        <line num="300" count="74" type="cond" truecount="1" falsecount="1"/>
        <line num="308" count="88" type="cond" truecount="1" falsecount="1"/>
        <line num="309" count="0" type="stmt"/>
        <line num="310" count="0" type="stmt"/>
        <line num="314" count="88" type="stmt"/>
        <line num="315" count="88" type="cond" truecount="2" falsecount="0"/>
        <line num="316" count="1" type="stmt"/>
        <line num="319" count="88" type="stmt"/>
        <line num="322" count="88" type="stmt"/>
        <line num="324" count="88" type="stmt"/>
        <line num="325" count="88" type="stmt"/>
        <line num="328" count="88" type="stmt"/>
        <line num="331" count="88" type="cond" truecount="2" falsecount="0"/>
        <line num="333" count="83" type="cond" truecount="2" falsecount="0"/>
        <line num="334" count="3" type="stmt"/>
        <line num="335" count="80" type="cond" truecount="2" falsecount="0"/>
        <line num="337" count="27" type="stmt"/>
        <line num="343" count="88" type="stmt"/>
        <line num="346" count="88" type="cond" truecount="4" falsecount="0"/>
        <line num="347" count="3" type="stmt"/>
        <line num="351" count="88" type="cond" truecount="3" falsecount="1"/>
        <line num="352" count="0" type="stmt"/>
        <line num="356" count="88" type="cond" truecount="2" falsecount="0"/>
        <line num="357" count="30" type="stmt"/>
        <line num="359" count="88" type="cond" truecount="2" falsecount="0"/>
        <line num="360" count="86" type="stmt"/>
        <line num="363" count="88" type="stmt"/>
        <line num="376" count="3" type="cond" truecount="2" falsecount="0"/>
        <line num="377" count="1" type="stmt"/>
        <line num="381" count="2" type="cond" truecount="2" falsecount="0"/>
        <line num="382" count="1" type="stmt"/>
        <line num="385" count="1" type="stmt"/>
        <line num="395" count="4" type="stmt"/>
        <line num="402" count="13" type="stmt"/>
        <line num="409" count="4" type="stmt"/>
        <line num="410" count="4" type="stmt"/>
        <line num="411" count="4" type="stmt"/>
        <line num="412" count="4" type="stmt"/>
        <line num="413" count="4" type="stmt"/>
        <line num="414" count="4" type="cond" truecount="1" falsecount="1"/>
        <line num="415" count="0" type="stmt"/>
        <line num="416" count="0" type="stmt"/>
      </file>
      <file name="explorerHelpers.ts" path="/Users/robennals/broomer-repos/broomer/feature/codex-gemini/src/renderer/utils/explorerHelpers.ts">
        <metrics statements="33" coveredstatements="33" conditionals="26" coveredconditionals="26" methods="11" coveredmethods="11"/>
        <line num="5" count="7" type="cond" truecount="6" falsecount="0"/>
        <line num="6" count="1" type="stmt"/>
        <line num="7" count="1" type="stmt"/>
        <line num="8" count="1" type="stmt"/>
        <line num="9" count="1" type="stmt"/>
        <line num="10" count="1" type="stmt"/>
        <line num="11" count="2" type="stmt"/>
        <line num="19" count="7" type="cond" truecount="6" falsecount="0"/>
        <line num="20" count="1" type="stmt"/>
        <line num="21" count="1" type="stmt"/>
        <line num="22" count="1" type="stmt"/>
        <line num="23" count="1" type="stmt"/>
        <line num="24" count="1" type="stmt"/>
        <line num="25" count="2" type="stmt"/>
        <line num="33" count="6" type="stmt"/>
        <line num="40" count="6" type="cond" truecount="6" falsecount="0"/>
        <line num="41" count="1" type="stmt"/>
        <line num="42" count="1" type="stmt"/>
        <line num="43" count="1" type="stmt"/>
        <line num="44" count="1" type="stmt"/>
        <line num="45" count="1" type="stmt"/>
        <line num="46" count="1" type="stmt"/>
        <line num="54" count="5" type="cond" truecount="2" falsecount="0"/>
        <line num="55" count="2" type="stmt"/>
        <line num="62" count="5" type="cond" truecount="2" falsecount="0"/>
        <line num="69" count="5" type="stmt"/>
        <line num="70" count="9" type="stmt"/>
        <line num="71" count="9" type="stmt"/>
        <line num="79" count="4" type="stmt"/>
        <line num="86" count="4" type="cond" truecount="3" falsecount="0"/>
        <line num="87" count="1" type="stmt"/>
        <line num="88" count="1" type="stmt"/>
        <line num="89" count="2" type="stmt"/>
      </file>
      <file name="slugify.ts" path="/Users/robennals/broomer-repos/broomer/feature/codex-gemini/src/renderer/utils/slugify.ts">
        <metrics statements="2" coveredstatements="2" conditionals="0" coveredconditionals="0" methods="1" coveredmethods="1"/>
        <line num="2" count="6" type="stmt"/>
        <line num="9" count="6" type="stmt"/>
      </file>
      <file name="terminalBufferRegistry.ts" path="/Users/robennals/broomer-repos/broomer/feature/codex-gemini/src/renderer/utils/terminalBufferRegistry.ts">
        <metrics statements="11" coveredstatements="11" conditionals="4" coveredconditionals="4" methods="4" coveredmethods="4"/>
        <line num="6" count="1" type="stmt"/>
        <line num="8" count="1" type="stmt"/>
        <line num="10" count="8" type="stmt"/>
        <line num="14" count="17" type="stmt"/>
        <line num="18" count="9" type="stmt"/>
        <line num="19" count="9" type="cond" truecount="2" falsecount="0"/>
        <line num="24" count="3" type="stmt"/>
        <line num="25" count="3" type="cond" truecount="2" falsecount="0"/>
        <line num="27" count="2" type="stmt"/>
        <line num="28" count="2" type="stmt"/>
        <line num="29" count="2" type="stmt"/>
      </file>
      <file name="textDetection.ts" path="/Users/robennals/broomer-repos/broomer/feature/codex-gemini/src/renderer/utils/textDetection.ts">
        <metrics statements="6" coveredstatements="6" conditionals="13" coveredconditionals="13" methods="2" coveredmethods="2"/>
        <line num="6" count="11" type="cond" truecount="4" falsecount="0"/>
        <line num="8" count="10" type="cond" truecount="2" falsecount="0"/>
        <line num="10" count="9" type="stmt"/>
        <line num="11" count="376" type="stmt"/>
        <line num="12" count="376" type="cond" truecount="7" falsecount="0"/>
        <line num="14" count="9" type="stmt"/>
      </file>
    </package>
  </project>
</coverage>
