{"/Users/robennals/broomer-repos/broomer/feature/codex-gemini/src/main/gitStatusParser.ts": {"path":"/Users/robennals/broomer-repos/broomer/feature/codex-gemini/src/main/gitStatusParser.ts","statementMap":{"0":{"start":{"line":5,"column":2},"end":{"line":12,"column":null}},"1":{"start":{"line":6,"column":14},"end":{"line":6,"column":null}},"2":{"start":{"line":7,"column":14},"end":{"line":7,"column":null}},"3":{"start":{"line":8,"column":14},"end":{"line":8,"column":null}},"4":{"start":{"line":9,"column":14},"end":{"line":9,"column":null}},"5":{"start":{"line":10,"column":14},"end":{"line":10,"column":null}},"6":{"start":{"line":11,"column":13},"end":{"line":11,"column":null}},"7":{"start":{"line":28,"column":22},"end":{"line":28,"column":null}},"8":{"start":{"line":29,"column":27},"end":{"line":29,"column":null}},"9":{"start":{"line":30,"column":25},"end":{"line":30,"column":null}},"10":{"start":{"line":31,"column":30},"end":{"line":31,"column":null}},"11":{"start":{"line":33,"column":34},"end":{"line":33,"column":null}},"12":{"start":{"line":35,"column":2},"end":{"line":37,"column":null}},"13":{"start":{"line":36,"column":4},"end":{"line":36,"column":null}},"14":{"start":{"line":39,"column":2},"end":{"line":44,"column":null}},"15":{"start":{"line":40,"column":4},"end":{"line":40,"column":null}},"16":{"start":{"line":41,"column":2},"end":{"line":44,"column":null}},"17":{"start":{"line":43,"column":4},"end":{"line":43,"column":null}},"18":{"start":{"line":46,"column":2},"end":{"line":46,"column":null}},"19":{"start":{"line":53,"column":2},"end":{"line":53,"column":null}}},"fnMap":{"0":{"name":"statusFromChar","decl":{"start":{"line":4,"column":16},"end":{"line":4,"column":31}},"loc":{"start":{"line":4,"column":50},"end":{"line":13,"column":null}},"line":4},"1":{"name":"parseGitStatusFile","decl":{"start":{"line":27,"column":16},"end":{"line":27,"column":35}},"loc":{"start":{"line":27,"column":111},"end":{"line":47,"column":null}},"line":27},"2":{"name":"buildPrCreateUrl","decl":{"start":{"line":52,"column":16},"end":{"line":52,"column":33}},"loc":{"start":{"line":52,"column":105},"end":{"line":54,"column":null}},"line":52}},"branchMap":{"0":{"loc":{"start":{"line":5,"column":2},"end":{"line":12,"column":null}},"type":"switch","locations":[{"start":{"line":6,"column":4},"end":{"line":6,"column":null}},{"start":{"line":7,"column":4},"end":{"line":7,"column":null}},{"start":{"line":8,"column":4},"end":{"line":8,"column":null}},{"start":{"line":9,"column":4},"end":{"line":9,"column":null}},{"start":{"line":10,"column":4},"end":{"line":10,"column":null}},{"start":{"line":11,"column":4},"end":{"line":11,"column":null}}],"line":5},"1":{"loc":{"start":{"line":28,"column":22},"end":{"line":28,"column":null}},"type":"binary-expr","locations":[{"start":{"line":28,"column":22},"end":{"line":28,"column":36}},{"start":{"line":28,"column":36},"end":{"line":28,"column":null}}],"line":28},"2":{"loc":{"start":{"line":29,"column":27},"end":{"line":29,"column":null}},"type":"binary-expr","locations":[{"start":{"line":29,"column":27},"end":{"line":29,"column":47}},{"start":{"line":29,"column":47},"end":{"line":29,"column":null}}],"line":29},"3":{"loc":{"start":{"line":30,"column":25},"end":{"line":30,"column":null}},"type":"binary-expr","locations":[{"start":{"line":30,"column":25},"end":{"line":30,"column":48}},{"start":{"line":30,"column":48},"end":{"line":30,"column":null}}],"line":30},"4":{"loc":{"start":{"line":31,"column":30},"end":{"line":31,"column":null}},"type":"binary-expr","locations":[{"start":{"line":31,"column":30},"end":{"line":31,"column":58}},{"start":{"line":31,"column":58},"end":{"line":31,"column":null}}],"line":31},"5":{"loc":{"start":{"line":35,"column":2},"end":{"line":37,"column":null}},"type":"if","locations":[{"start":{"line":35,"column":2},"end":{"line":37,"column":null}},{"start":{},"end":{}}],"line":35},"6":{"loc":{"start":{"line":39,"column":2},"end":{"line":44,"column":null}},"type":"if","locations":[{"start":{"line":39,"column":2},"end":{"line":44,"column":null}},{"start":{"line":41,"column":2},"end":{"line":44,"column":null}}],"line":39},"7":{"loc":{"start":{"line":39,"column":6},"end":{"line":39,"column":76}},"type":"binary-expr","locations":[{"start":{"line":39,"column":6},"end":{"line":39,"column":30}},{"start":{"line":39,"column":30},"end":{"line":39,"column":49}},{"start":{"line":39,"column":49},"end":{"line":39,"column":76}}],"line":39},"8":{"loc":{"start":{"line":41,"column":2},"end":{"line":44,"column":null}},"type":"if","locations":[{"start":{"line":41,"column":2},"end":{"line":44,"column":null}},{"start":{},"end":{}}],"line":41},"9":{"loc":{"start":{"line":41,"column":13},"end":{"line":41,"column":54}},"type":"binary-expr","locations":[{"start":{"line":41,"column":13},"end":{"line":41,"column":32}},{"start":{"line":41,"column":32},"end":{"line":41,"column":54}}],"line":41}},"s":{"0":20,"1":6,"2":3,"3":4,"4":2,"5":2,"6":3,"7":10,"8":10,"9":10,"10":10,"11":10,"12":10,"13":6,"14":10,"15":6,"16":4,"17":1,"18":10,"19":6},"f":{"0":20,"1":10,"2":6},"b":{"0":[6,3,4,2,2,3],"1":[10,1],"2":[10,1],"3":[10,7],"4":[10,6],"5":[6,4],"6":[6,4],"7":[10,5,2],"8":[1,3],"9":[4,1]},"meta":{"lastBranch":10,"lastFunction":3,"lastStatement":20,"seen":{"f:4:16:4:31":0,"b:6:4:6:Infinity:7:4:7:Infinity:8:4:8:Infinity:9:4:9:Infinity:10:4:10:Infinity:11:4:11:Infinity":0,"s:5:2:12:Infinity":0,"s:6:14:6:Infinity":1,"s:7:14:7:Infinity":2,"s:8:14:8:Infinity":3,"s:9:14:9:Infinity":4,"s:10:14:10:Infinity":5,"s:11:13:11:Infinity":6,"f:27:16:27:35":1,"s:28:22:28:Infinity":7,"b:28:22:28:36:28:36:28:Infinity":1,"s:29:27:29:Infinity":8,"b:29:27:29:47:29:47:29:Infinity":2,"s:30:25:30:Infinity":9,"b:30:25:30:48:30:48:30:Infinity":3,"s:31:30:31:Infinity":10,"b:31:30:31:58:31:58:31:Infinity":4,"s:33:34:33:Infinity":11,"b:35:2:37:Infinity:undefined:undefined:undefined:undefined":5,"s:35:2:37:Infinity":12,"s:36:4:36:Infinity":13,"b:39:2:44:Infinity:41:2:44:Infinity":6,"s:39:2:44:Infinity":14,"b:39:6:39:30:39:30:39:49:39:49:39:76":7,"s:40:4:40:Infinity":15,"b:41:2:44:Infinity:undefined:undefined:undefined:undefined":8,"s:41:2:44:Infinity":16,"b:41:13:41:32:41:32:41:54":9,"s:43:4:43:Infinity":17,"s:46:2:46:Infinity":18,"f:52:16:52:33":2,"s:53:2:53:Infinity":19}}}
,"/Users/robennals/broomer-repos/broomer/feature/codex-gemini/src/renderer/components/fileViewers/types.ts": {"path":"/Users/robennals/broomer-repos/broomer/feature/codex-gemini/src/renderer/components/fileViewers/types.ts","statementMap":{"0":{"start":{"line":46,"column":2},"end":{"line":46,"column":null}},"1":{"start":{"line":51,"column":14},"end":{"line":51,"column":null}},"2":{"start":{"line":52,"column":2},"end":{"line":52,"column":null}}},"fnMap":{"0":{"name":"getFileExtension","decl":{"start":{"line":45,"column":16},"end":{"line":45,"column":33}},"loc":{"start":{"line":45,"column":59},"end":{"line":47,"column":null}},"line":45},"1":{"name":"matchesExtensions","decl":{"start":{"line":50,"column":16},"end":{"line":50,"column":34}},"loc":{"start":{"line":50,"column":83},"end":{"line":53,"column":null}},"line":50}},"branchMap":{"0":{"loc":{"start":{"line":46,"column":9},"end":{"line":46,"column":null}},"type":"binary-expr","locations":[{"start":{"line":46,"column":9},"end":{"line":46,"column":53}},{"start":{"line":46,"column":53},"end":{"line":46,"column":null}}],"line":46}},"s":{"0":11,"1":4,"2":4},"f":{"0":11,"1":4},"b":{"0":[11,1]},"meta":{"lastBranch":1,"lastFunction":2,"lastStatement":3,"seen":{"f:45:16:45:33":0,"s:46:2:46:Infinity":0,"b:46:9:46:53:46:53:46:Infinity":0,"f:50:16:50:34":1,"s:51:14:51:Infinity":1,"s:52:2:52:Infinity":2}}}
,"/Users/robennals/broomer-repos/broomer/feature/codex-gemini/src/renderer/panels/registry.ts": {"path":"/Users/robennals/broomer-repos/broomer/feature/codex-gemini/src/renderer/panels/registry.ts","statementMap":{"0":{"start":{"line":4,"column":19},"end":{"line":4,"column":null}},"1":{"start":{"line":7,"column":4},"end":{"line":7,"column":null}},"2":{"start":{"line":11,"column":4},"end":{"line":13,"column":null}},"3":{"start":{"line":12,"column":6},"end":{"line":12,"column":null}},"4":{"start":{"line":17,"column":4},"end":{"line":17,"column":null}},"5":{"start":{"line":21,"column":4},"end":{"line":21,"column":null}},"6":{"start":{"line":25,"column":4},"end":{"line":30,"column":null}},"7":{"start":{"line":26,"column":6},"end":{"line":28,"column":null}},"8":{"start":{"line":27,"column":8},"end":{"line":27,"column":null}},"9":{"start":{"line":29,"column":6},"end":{"line":29,"column":null}},"10":{"start":{"line":34,"column":4},"end":{"line":36,"column":null}},"11":{"start":{"line":35,"column":23},"end":{"line":35,"column":43}},"12":{"start":{"line":36,"column":20},"end":{"line":36,"column":28}},"13":{"start":{"line":40,"column":4},"end":{"line":42,"column":null}},"14":{"start":{"line":41,"column":23},"end":{"line":41,"column":45}},"15":{"start":{"line":42,"column":20},"end":{"line":42,"column":28}},"16":{"start":{"line":46,"column":4},"end":{"line":46,"column":null}},"17":{"start":{"line":50,"column":4},"end":{"line":50,"column":null}},"18":{"start":{"line":55,"column":29},"end":{"line":55,"column":null}}},"fnMap":{"0":{"name":"(anonymous_0)","decl":{"start":{"line":6,"column":2},"end":{"line":6,"column":11}},"loc":{"start":{"line":6,"column":41},"end":{"line":8,"column":null}},"line":6},"1":{"name":"(anonymous_1)","decl":{"start":{"line":10,"column":2},"end":{"line":10,"column":14}},"loc":{"start":{"line":10,"column":47},"end":{"line":14,"column":null}},"line":10},"2":{"name":"(anonymous_2)","decl":{"start":{"line":16,"column":2},"end":{"line":16,"column":6}},"loc":{"start":{"line":16,"column":47},"end":{"line":18,"column":null}},"line":16},"3":{"name":"(anonymous_3)","decl":{"start":{"line":20,"column":2},"end":{"line":20,"column":30}},"loc":{"start":{"line":20,"column":30},"end":{"line":22,"column":null}},"line":20},"4":{"name":"(anonymous_4)","decl":{"start":{"line":24,"column":2},"end":{"line":24,"column":16}},"loc":{"start":{"line":24,"column":60},"end":{"line":31,"column":null}},"line":24},"5":{"name":"(anonymous_5)","decl":{"start":{"line":25,"column":32},"end":{"line":25,"column":41}},"loc":{"start":{"line":25,"column":41},"end":{"line":30,"column":5}},"line":25},"6":{"name":"(anonymous_6)","decl":{"start":{"line":33,"column":2},"end":{"line":33,"column":32}},"loc":{"start":{"line":33,"column":32},"end":{"line":37,"column":null}},"line":33},"7":{"name":"(anonymous_7)","decl":{"start":{"line":35,"column":14},"end":{"line":35,"column":23}},"loc":{"start":{"line":35,"column":23},"end":{"line":35,"column":43}},"line":35},"8":{"name":"(anonymous_8)","decl":{"start":{"line":36,"column":11},"end":{"line":36,"column":20}},"loc":{"start":{"line":36,"column":20},"end":{"line":36,"column":28}},"line":36},"9":{"name":"(anonymous_9)","decl":{"start":{"line":39,"column":2},"end":{"line":39,"column":38}},"loc":{"start":{"line":39,"column":38},"end":{"line":43,"column":null}},"line":39},"10":{"name":"(anonymous_10)","decl":{"start":{"line":41,"column":14},"end":{"line":41,"column":23}},"loc":{"start":{"line":41,"column":23},"end":{"line":41,"column":45}},"line":41},"11":{"name":"(anonymous_11)","decl":{"start":{"line":42,"column":11},"end":{"line":42,"column":20}},"loc":{"start":{"line":42,"column":20},"end":{"line":42,"column":28}},"line":42},"12":{"name":"(anonymous_12)","decl":{"start":{"line":45,"column":2},"end":{"line":45,"column":6}},"loc":{"start":{"line":45,"column":27},"end":{"line":47,"column":null}},"line":45},"13":{"name":"(anonymous_13)","decl":{"start":{"line":49,"column":2},"end":{"line":49,"column":17}},"loc":{"start":{"line":49,"column":17},"end":{"line":51,"column":null}},"line":49}},"branchMap":{"0":{"loc":{"start":{"line":26,"column":6},"end":{"line":28,"column":null}},"type":"if","locations":[{"start":{"line":26,"column":6},"end":{"line":28,"column":null}},{"start":{},"end":{}}],"line":26}},"s":{"0":12,"1":15,"2":1,"3":2,"4":3,"5":8,"6":4,"7":5,"8":3,"9":2,"10":1,"11":2,"12":1,"13":1,"14":2,"15":1,"16":2,"17":4,"18":1},"f":{"0":15,"1":1,"2":3,"3":8,"4":4,"5":5,"6":1,"7":2,"8":1,"9":1,"10":2,"11":1,"12":2,"13":4},"b":{"0":[3,2]},"meta":{"lastBranch":1,"lastFunction":14,"lastStatement":19,"seen":{"s:4:19:4:Infinity":0,"f:6:2:6:11":0,"s:7:4:7:Infinity":1,"f:10:2:10:14":1,"s:11:4:13:Infinity":2,"s:12:6:12:Infinity":3,"f:16:2:16:6":2,"s:17:4:17:Infinity":4,"f:20:2:20:30":3,"s:21:4:21:Infinity":5,"f:24:2:24:16":4,"s:25:4:30:Infinity":6,"f:25:32:25:41":5,"b:26:6:28:Infinity:undefined:undefined:undefined:undefined":0,"s:26:6:28:Infinity":7,"s:27:8:27:Infinity":8,"s:29:6:29:Infinity":9,"f:33:2:33:32":6,"s:34:4:36:Infinity":10,"f:35:14:35:23":7,"s:35:23:35:43":11,"f:36:11:36:20":8,"s:36:20:36:28":12,"f:39:2:39:38":9,"s:40:4:42:Infinity":13,"f:41:14:41:23":10,"s:41:23:41:45":14,"f:42:11:42:20":11,"s:42:20:42:28":15,"f:45:2:45:6":12,"s:46:4:46:Infinity":16,"f:49:2:49:17":13,"s:50:4:50:Infinity":17,"s:55:29:55:Infinity":18}}}
,"/Users/robennals/broomer-repos/broomer/feature/codex-gemini/src/renderer/panels/types.ts": {"path":"/Users/robennals/broomer-repos/broomer/feature/codex-gemini/src/renderer/panels/types.ts","statementMap":{"0":{"start":{"line":29,"column":25},"end":{"line":37,"column":null}},"1":{"start":{"line":42,"column":48},"end":{"line":49,"column":null}},"2":{"start":{"line":52,"column":35},"end":{"line":52,"column":null}}},"fnMap":{},"branchMap":{},"s":{"0":2,"1":2,"2":2},"f":{},"b":{},"meta":{"lastBranch":0,"lastFunction":0,"lastStatement":3,"seen":{"s:29:25:37:Infinity":0,"s:42:48:49:Infinity":1,"s:52:35:52:Infinity":2}}}
,"/Users/robennals/broomer-repos/broomer/feature/codex-gemini/src/renderer/store/agents.ts": {"path":"/Users/robennals/broomer-repos/broomer/feature/codex-gemini/src/renderer/store/agents.ts","statementMap":{"0":{"start":{"line":18,"column":19},"end":{"line":18,"column":null}},"1":{"start":{"line":18,"column":25},"end":{"line":18,"column":null}},"2":{"start":{"line":20,"column":13},"end":{"line":85,"column":null}},"3":{"start":{"line":20,"column":63},"end":{"line":85,"column":2}},"4":{"start":{"line":25,"column":4},"end":{"line":27,"column":null}},"5":{"start":{"line":26,"column":6},"end":{"line":26,"column":null}},"6":{"start":{"line":28,"column":16},"end":{"line":28,"column":null}},"7":{"start":{"line":29,"column":4},"end":{"line":34,"column":null}},"8":{"start":{"line":30,"column":21},"end":{"line":30,"column":null}},"9":{"start":{"line":31,"column":6},"end":{"line":31,"column":null}},"10":{"start":{"line":33,"column":6},"end":{"line":33,"column":null}},"11":{"start":{"line":38,"column":31},"end":{"line":41,"column":null}},"12":{"start":{"line":43,"column":34},"end":{"line":43,"column":null}},"13":{"start":{"line":44,"column":26},"end":{"line":44,"column":null}},"14":{"start":{"line":45,"column":4},"end":{"line":45,"column":null}},"15":{"start":{"line":48,"column":19},"end":{"line":48,"column":null}},"16":{"start":{"line":49,"column":4},"end":{"line":53,"column":null}},"17":{"start":{"line":57,"column":34},"end":{"line":57,"column":null}},"18":{"start":{"line":58,"column":26},"end":{"line":60,"column":null}},"19":{"start":{"line":59,"column":6},"end":{"line":59,"column":null}},"20":{"start":{"line":61,"column":4},"end":{"line":61,"column":null}},"21":{"start":{"line":64,"column":19},"end":{"line":64,"column":null}},"22":{"start":{"line":65,"column":4},"end":{"line":69,"column":null}},"23":{"start":{"line":73,"column":34},"end":{"line":73,"column":null}},"24":{"start":{"line":74,"column":26},"end":{"line":74,"column":null}},"25":{"start":{"line":74,"column":47},"end":{"line":74,"column":58}},"26":{"start":{"line":75,"column":4},"end":{"line":75,"column":null}},"27":{"start":{"line":78,"column":19},"end":{"line":78,"column":null}},"28":{"start":{"line":79,"column":4},"end":{"line":83,"column":null}}},"fnMap":{"0":{"name":"(anonymous_0)","decl":{"start":{"line":18,"column":19},"end":{"line":18,"column":25}},"loc":{"start":{"line":18,"column":25},"end":{"line":18,"column":null}},"line":18},"1":{"name":"(anonymous_1)","decl":{"start":{"line":20,"column":48},"end":{"line":20,"column":49}},"loc":{"start":{"line":20,"column":63},"end":{"line":85,"column":2}},"line":20},"2":{"name":"(anonymous_2)","decl":{"start":{"line":24,"column":14},"end":{"line":24,"column":21}},"loc":{"start":{"line":24,"column":44},"end":{"line":35,"column":null}},"line":24},"3":{"name":"(anonymous_3)","decl":{"start":{"line":37,"column":12},"end":{"line":37,"column":19}},"loc":{"start":{"line":37,"column":33},"end":{"line":54,"column":null}},"line":37},"4":{"name":"(anonymous_4)","decl":{"start":{"line":56,"column":15},"end":{"line":56,"column":22}},"loc":{"start":{"line":56,"column":38},"end":{"line":70,"column":null}},"line":56},"5":{"name":"(anonymous_5)","decl":{"start":{"line":58,"column":37},"end":{"line":58,"column":38}},"loc":{"start":{"line":59,"column":6},"end":{"line":59,"column":null}},"line":59},"6":{"name":"(anonymous_6)","decl":{"start":{"line":72,"column":15},"end":{"line":72,"column":22}},"loc":{"start":{"line":72,"column":29},"end":{"line":84,"column":null}},"line":72},"7":{"name":"(anonymous_7)","decl":{"start":{"line":74,"column":40},"end":{"line":74,"column":41}},"loc":{"start":{"line":74,"column":47},"end":{"line":74,"column":58}},"line":74}},"branchMap":{"0":{"loc":{"start":{"line":25,"column":4},"end":{"line":27,"column":null}},"type":"if","locations":[{"start":{"line":25,"column":4},"end":{"line":27,"column":null}},{"start":{},"end":{}}],"line":25},"1":{"loc":{"start":{"line":28,"column":16},"end":{"line":28,"column":null}},"type":"binary-expr","locations":[{"start":{"line":28,"column":16},"end":{"line":28,"column":29}},{"start":{"line":28,"column":29},"end":{"line":28,"column":null}}],"line":28},"2":{"loc":{"start":{"line":31,"column":20},"end":{"line":31,"column":41}},"type":"binary-expr","locations":[{"start":{"line":31,"column":20},"end":{"line":31,"column":37}},{"start":{"line":31,"column":37},"end":{"line":31,"column":41}}],"line":31},"3":{"loc":{"start":{"line":59,"column":6},"end":{"line":59,"column":null}},"type":"cond-expr","locations":[{"start":{"line":59,"column":20},"end":{"line":59,"column":43}},{"start":{"line":59,"column":43},"end":{"line":59,"column":null}}],"line":59}},"s":{"0":1,"1":1,"2":1,"3":1,"4":3,"5":1,"6":3,"7":3,"8":3,"9":2,"10":1,"11":1,"12":1,"13":1,"14":1,"15":1,"16":1,"17":1,"18":1,"19":1,"20":1,"21":1,"22":1,"23":1,"24":1,"25":2,"26":1,"27":1,"28":1},"f":{"0":1,"1":1,"2":3,"3":1,"4":1,"5":1,"6":1,"7":2},"b":{"0":[1,2],"1":[3,2],"2":[2,0],"3":[1,0]},"meta":{"lastBranch":4,"lastFunction":8,"lastStatement":29,"seen":{"s:18:19:18:Infinity":0,"f:18:19:18:25":0,"s:18:25:18:Infinity":1,"s:20:13:85:Infinity":2,"f:20:48:20:49":1,"s:20:63:85:2":3,"f:24:14:24:21":2,"b:25:4:27:Infinity:undefined:undefined:undefined:undefined":0,"s:25:4:27:Infinity":4,"s:26:6:26:Infinity":5,"s:28:16:28:Infinity":6,"b:28:16:28:29:28:29:28:Infinity":1,"s:29:4:34:Infinity":7,"s:30:21:30:Infinity":8,"s:31:6:31:Infinity":9,"b:31:20:31:37:31:37:31:41":2,"s:33:6:33:Infinity":10,"f:37:12:37:19":3,"s:38:31:41:Infinity":11,"s:43:34:43:Infinity":12,"s:44:26:44:Infinity":13,"s:45:4:45:Infinity":14,"s:48:19:48:Infinity":15,"s:49:4:53:Infinity":16,"f:56:15:56:22":4,"s:57:34:57:Infinity":17,"s:58:26:60:Infinity":18,"f:58:37:58:38":5,"s:59:6:59:Infinity":19,"b:59:20:59:43:59:43:59:Infinity":3,"s:61:4:61:Infinity":20,"s:64:19:64:Infinity":21,"s:65:4:69:Infinity":22,"f:72:15:72:22":6,"s:73:34:73:Infinity":23,"s:74:26:74:Infinity":24,"f:74:40:74:41":7,"s:74:47:74:58":25,"s:75:4:75:Infinity":26,"s:78:19:78:Infinity":27,"s:79:4:83:Infinity":28}}}
,"/Users/robennals/broomer-repos/broomer/feature/codex-gemini/src/renderer/store/errors.ts": {"path":"/Users/robennals/broomer-repos/broomer/feature/codex-gemini/src/renderer/store/errors.ts","statementMap":{"0":{"start":{"line":20,"column":19},"end":{"line":20,"column":null}},"1":{"start":{"line":20,"column":25},"end":{"line":20,"column":null}},"2":{"start":{"line":22,"column":13},"end":{"line":52,"column":null}},"3":{"start":{"line":22,"column":58},"end":{"line":52,"column":2}},"4":{"start":{"line":27,"column":28},"end":{"line":31,"column":null}},"5":{"start":{"line":32,"column":4},"end":{"line":32,"column":null}},"6":{"start":{"line":33,"column":4},"end":{"line":36,"column":null}},"7":{"start":{"line":33,"column":20},"end":{"line":36,"column":6}},"8":{"start":{"line":40,"column":4},"end":{"line":42,"column":null}},"9":{"start":{"line":40,"column":20},"end":{"line":42,"column":6}},"10":{"start":{"line":41,"column":41},"end":{"line":41,"column":52}},"11":{"start":{"line":46,"column":4},"end":{"line":46,"column":null}},"12":{"start":{"line":50,"column":4},"end":{"line":50,"column":null}}},"fnMap":{"0":{"name":"(anonymous_0)","decl":{"start":{"line":20,"column":19},"end":{"line":20,"column":25}},"loc":{"start":{"line":20,"column":25},"end":{"line":20,"column":null}},"line":20},"1":{"name":"(anonymous_1)","decl":{"start":{"line":22,"column":48},"end":{"line":22,"column":49}},"loc":{"start":{"line":22,"column":58},"end":{"line":52,"column":2}},"line":22},"2":{"name":"(anonymous_2)","decl":{"start":{"line":26,"column":12},"end":{"line":26,"column":13}},"loc":{"start":{"line":26,"column":33},"end":{"line":37,"column":null}},"line":26},"3":{"name":"(anonymous_3)","decl":{"start":{"line":33,"column":8},"end":{"line":33,"column":9}},"loc":{"start":{"line":33,"column":20},"end":{"line":36,"column":6}},"line":33},"4":{"name":"(anonymous_4)","decl":{"start":{"line":39,"column":16},"end":{"line":39,"column":17}},"loc":{"start":{"line":39,"column":32},"end":{"line":43,"column":null}},"line":39},"5":{"name":"(anonymous_5)","decl":{"start":{"line":40,"column":8},"end":{"line":40,"column":9}},"loc":{"start":{"line":40,"column":20},"end":{"line":42,"column":6}},"line":40},"6":{"name":"(anonymous_6)","decl":{"start":{"line":41,"column":34},"end":{"line":41,"column":35}},"loc":{"start":{"line":41,"column":41},"end":{"line":41,"column":52}},"line":41},"7":{"name":"(anonymous_7)","decl":{"start":{"line":45,"column":12},"end":{"line":45,"column":18}},"loc":{"start":{"line":45,"column":18},"end":{"line":47,"column":null}},"line":45},"8":{"name":"(anonymous_8)","decl":{"start":{"line":49,"column":12},"end":{"line":49,"column":18}},"loc":{"start":{"line":49,"column":18},"end":{"line":51,"column":null}},"line":49}},"branchMap":{},"s":{"0":1,"1":69,"2":1,"3":1,"4":69,"5":69,"6":69,"7":69,"8":1,"9":1,"10":2,"11":1,"12":1},"f":{"0":69,"1":1,"2":69,"3":69,"4":1,"5":1,"6":2,"7":1,"8":1},"b":{},"meta":{"lastBranch":0,"lastFunction":9,"lastStatement":13,"seen":{"s:20:19:20:Infinity":0,"f:20:19:20:25":0,"s:20:25:20:Infinity":1,"s:22:13:52:Infinity":2,"f:22:48:22:49":1,"s:22:58:52:2":3,"f:26:12:26:13":2,"s:27:28:31:Infinity":4,"s:32:4:32:Infinity":5,"s:33:4:36:Infinity":6,"f:33:8:33:9":3,"s:33:20:36:6":7,"f:39:16:39:17":4,"s:40:4:42:Infinity":8,"f:40:8:40:9":5,"s:40:20:42:6":9,"f:41:34:41:35":6,"s:41:41:41:52":10,"f:45:12:45:18":7,"s:46:4:46:Infinity":11,"f:49:12:49:18":8,"s:50:4:50:Infinity":12}}}
,"/Users/robennals/broomer-repos/broomer/feature/codex-gemini/src/renderer/store/profiles.ts": {"path":"/Users/robennals/broomer-repos/broomer/feature/codex-gemini/src/renderer/store/profiles.ts","statementMap":{"0":{"start":{"line":19,"column":19},"end":{"line":19,"column":null}},"1":{"start":{"line":19,"column":25},"end":{"line":19,"column":null}},"2":{"start":{"line":23,"column":17},"end":{"line":23,"column":null}},"3":{"start":{"line":24,"column":2},"end":{"line":24,"column":null}},"4":{"start":{"line":27,"column":13},"end":{"line":95,"column":null}},"5":{"start":{"line":27,"column":67},"end":{"line":95,"column":2}},"6":{"start":{"line":33,"column":4},"end":{"line":54,"column":null}},"7":{"start":{"line":34,"column":33},"end":{"line":34,"column":null}},"8":{"start":{"line":35,"column":27},"end":{"line":35,"column":null}},"9":{"start":{"line":36,"column":6},"end":{"line":40,"column":null}},"10":{"start":{"line":42,"column":6},"end":{"line":47,"column":null}},"11":{"start":{"line":43,"column":8},"end":{"line":46,"column":null}},"12":{"start":{"line":49,"column":6},"end":{"line":53,"column":null}},"13":{"start":{"line":59,"column":4},"end":{"line":59,"column":null}},"14":{"start":{"line":61,"column":25},"end":{"line":61,"column":null}},"15":{"start":{"line":62,"column":4},"end":{"line":62,"column":null}},"16":{"start":{"line":66,"column":33},"end":{"line":66,"column":null}},"17":{"start":{"line":67,"column":43},"end":{"line":67,"column":null}},"18":{"start":{"line":68,"column":28},"end":{"line":68,"column":null}},"19":{"start":{"line":69,"column":4},"end":{"line":69,"column":null}},"20":{"start":{"line":70,"column":4},"end":{"line":70,"column":null}},"21":{"start":{"line":71,"column":4},"end":{"line":71,"column":null}},"22":{"start":{"line":75,"column":43},"end":{"line":75,"column":null}},"23":{"start":{"line":76,"column":4},"end":{"line":76,"column":null}},"24":{"start":{"line":76,"column":30},"end":{"line":76,"column":null}},"25":{"start":{"line":77,"column":4},"end":{"line":77,"column":null}},"26":{"start":{"line":77,"column":40},"end":{"line":77,"column":null}},"27":{"start":{"line":78,"column":28},"end":{"line":78,"column":null}},"28":{"start":{"line":78,"column":51},"end":{"line":78,"column":69}},"29":{"start":{"line":79,"column":4},"end":{"line":79,"column":null}},"30":{"start":{"line":80,"column":4},"end":{"line":80,"column":null}},"31":{"start":{"line":84,"column":43},"end":{"line":84,"column":null}},"32":{"start":{"line":85,"column":28},"end":{"line":87,"column":null}},"33":{"start":{"line":86,"column":6},"end":{"line":86,"column":null}},"34":{"start":{"line":88,"column":4},"end":{"line":88,"column":null}},"35":{"start":{"line":89,"column":4},"end":{"line":89,"column":null}},"36":{"start":{"line":93,"column":4},"end":{"line":93,"column":null}}},"fnMap":{"0":{"name":"(anonymous_0)","decl":{"start":{"line":19,"column":19},"end":{"line":19,"column":25}},"loc":{"start":{"line":19,"column":25},"end":{"line":19,"column":null}},"line":19},"1":{"name":"getProfileIdFromUrl","decl":{"start":{"line":22,"column":9},"end":{"line":22,"column":39}},"loc":{"start":{"line":22,"column":39},"end":{"line":25,"column":null}},"line":22},"2":{"name":"(anonymous_2)","decl":{"start":{"line":27,"column":52},"end":{"line":27,"column":53}},"loc":{"start":{"line":27,"column":67},"end":{"line":95,"column":2}},"line":27},"3":{"name":"(anonymous_3)","decl":{"start":{"line":32,"column":16},"end":{"line":32,"column":28}},"loc":{"start":{"line":32,"column":28},"end":{"line":55,"column":null}},"line":32},"4":{"name":"(anonymous_4)","decl":{"start":{"line":57,"column":17},"end":{"line":57,"column":24}},"loc":{"start":{"line":57,"column":46},"end":{"line":63,"column":null}},"line":57},"5":{"name":"(anonymous_5)","decl":{"start":{"line":65,"column":14},"end":{"line":65,"column":21}},"loc":{"start":{"line":65,"column":53},"end":{"line":72,"column":null}},"line":65},"6":{"name":"(anonymous_6)","decl":{"start":{"line":74,"column":17},"end":{"line":74,"column":24}},"loc":{"start":{"line":74,"column":46},"end":{"line":81,"column":null}},"line":74},"7":{"name":"(anonymous_7)","decl":{"start":{"line":78,"column":44},"end":{"line":78,"column":45}},"loc":{"start":{"line":78,"column":51},"end":{"line":78,"column":69}},"line":78},"8":{"name":"(anonymous_8)","decl":{"start":{"line":83,"column":17},"end":{"line":83,"column":24}},"loc":{"start":{"line":83,"column":89},"end":{"line":90,"column":null}},"line":83},"9":{"name":"(anonymous_9)","decl":{"start":{"line":85,"column":41},"end":{"line":85,"column":42}},"loc":{"start":{"line":86,"column":6},"end":{"line":86,"column":null}},"line":86},"10":{"name":"(anonymous_10)","decl":{"start":{"line":92,"column":26},"end":{"line":92,"column":33}},"loc":{"start":{"line":92,"column":55},"end":{"line":94,"column":null}},"line":92}},"branchMap":{"0":{"loc":{"start":{"line":24,"column":9},"end":{"line":24,"column":null}},"type":"binary-expr","locations":[{"start":{"line":24,"column":9},"end":{"line":24,"column":34}},{"start":{"line":24,"column":34},"end":{"line":24,"column":null}}],"line":24},"1":{"loc":{"start":{"line":42,"column":6},"end":{"line":47,"column":null}},"type":"if","locations":[{"start":{"line":42,"column":6},"end":{"line":47,"column":null}},{"start":{},"end":{}}],"line":42},"2":{"loc":{"start":{"line":76,"column":4},"end":{"line":76,"column":null}},"type":"if","locations":[{"start":{"line":76,"column":4},"end":{"line":76,"column":null}},{"start":{},"end":{}}],"line":76},"3":{"loc":{"start":{"line":77,"column":4},"end":{"line":77,"column":null}},"type":"if","locations":[{"start":{"line":77,"column":4},"end":{"line":77,"column":null}},{"start":{},"end":{}}],"line":77},"4":{"loc":{"start":{"line":86,"column":6},"end":{"line":86,"column":null}},"type":"cond-expr","locations":[{"start":{"line":86,"column":27},"end":{"line":86,"column":50}},{"start":{"line":86,"column":50},"end":{"line":86,"column":null}}],"line":86}},"s":{"0":1,"1":1,"2":3,"3":3,"4":1,"5":1,"6":3,"7":3,"8":2,"9":2,"10":2,"11":1,"12":1,"13":1,"14":1,"15":1,"16":1,"17":1,"18":1,"19":1,"20":1,"21":1,"22":3,"23":3,"24":1,"25":2,"26":2,"27":1,"28":2,"29":1,"30":1,"31":1,"32":1,"33":1,"34":1,"35":1,"36":1},"f":{"0":1,"1":3,"2":1,"3":3,"4":1,"5":1,"6":3,"7":2,"8":1,"9":1,"10":1},"b":{"0":[3,2],"1":[1,1],"2":[1,2],"3":[1,1],"4":[1,0]},"meta":{"lastBranch":5,"lastFunction":11,"lastStatement":37,"seen":{"s:19:19:19:Infinity":0,"f:19:19:19:25":0,"s:19:25:19:Infinity":1,"f:22:9:22:39":1,"s:23:17:23:Infinity":2,"s:24:2:24:Infinity":3,"b:24:9:24:34:24:34:24:Infinity":0,"s:27:13:95:Infinity":4,"f:27:52:27:53":2,"s:27:67:95:2":5,"f:32:16:32:28":3,"s:33:4:54:Infinity":6,"s:34:33:34:Infinity":7,"s:35:27:35:Infinity":8,"s:36:6:40:Infinity":9,"b:42:6:47:Infinity:undefined:undefined:undefined:undefined":1,"s:42:6:47:Infinity":10,"s:43:8:46:Infinity":11,"s:49:6:53:Infinity":12,"f:57:17:57:24":4,"s:59:4:59:Infinity":13,"s:61:25:61:Infinity":14,"s:62:4:62:Infinity":15,"f:65:14:65:21":5,"s:66:33:66:Infinity":16,"s:67:43:67:Infinity":17,"s:68:28:68:Infinity":18,"s:69:4:69:Infinity":19,"s:70:4:70:Infinity":20,"s:71:4:71:Infinity":21,"f:74:17:74:24":6,"s:75:43:75:Infinity":22,"b:76:4:76:Infinity:undefined:undefined:undefined:undefined":2,"s:76:4:76:Infinity":23,"s:76:30:76:Infinity":24,"b:77:4:77:Infinity:undefined:undefined:undefined:undefined":3,"s:77:4:77:Infinity":25,"s:77:40:77:Infinity":26,"s:78:28:78:Infinity":27,"f:78:44:78:45":7,"s:78:51:78:69":28,"s:79:4:79:Infinity":29,"s:80:4:80:Infinity":30,"f:83:17:83:24":8,"s:84:43:84:Infinity":31,"s:85:28:87:Infinity":32,"f:85:41:85:42":9,"s:86:6:86:Infinity":33,"b:86:27:86:50:86:50:86:Infinity":4,"s:88:4:88:Infinity":34,"s:89:4:89:Infinity":35,"f:92:26:92:33":10,"s:93:4:93:Infinity":36}}}
,"/Users/robennals/broomer-repos/broomer/feature/codex-gemini/src/renderer/store/repos.ts": {"path":"/Users/robennals/broomer-repos/broomer/feature/codex-gemini/src/renderer/store/repos.ts","statementMap":{"0":{"start":{"line":4,"column":19},"end":{"line":4,"column":null}},"1":{"start":{"line":4,"column":25},"end":{"line":4,"column":null}},"2":{"start":{"line":8,"column":2},"end":{"line":11,"column":null}},"3":{"start":{"line":9,"column":17},"end":{"line":9,"column":null}},"4":{"start":{"line":10,"column":4},"end":{"line":10,"column":null}},"5":{"start":{"line":12,"column":2},"end":{"line":12,"column":null}},"6":{"start":{"line":29,"column":13},"end":{"line":122,"column":null}},"7":{"start":{"line":29,"column":61},"end":{"line":122,"column":2}},"8":{"start":{"line":35,"column":4},"end":{"line":37,"column":null}},"9":{"start":{"line":36,"column":6},"end":{"line":36,"column":null}},"10":{"start":{"line":38,"column":16},"end":{"line":38,"column":null}},"11":{"start":{"line":39,"column":4},"end":{"line":52,"column":null}},"12":{"start":{"line":40,"column":21},"end":{"line":40,"column":null}},"13":{"start":{"line":41,"column":19},"end":{"line":41,"column":null}},"14":{"start":{"line":42,"column":25},"end":{"line":44,"column":null}},"15":{"start":{"line":45,"column":6},"end":{"line":49,"column":null}},"16":{"start":{"line":51,"column":6},"end":{"line":51,"column":null}},"17":{"start":{"line":56,"column":30},"end":{"line":59,"column":null}},"18":{"start":{"line":61,"column":33},"end":{"line":61,"column":null}},"19":{"start":{"line":62,"column":25},"end":{"line":62,"column":null}},"20":{"start":{"line":63,"column":4},"end":{"line":63,"column":null}},"21":{"start":{"line":65,"column":19},"end":{"line":65,"column":null}},"22":{"start":{"line":66,"column":4},"end":{"line":70,"column":null}},"23":{"start":{"line":74,"column":33},"end":{"line":74,"column":null}},"24":{"start":{"line":75,"column":25},"end":{"line":77,"column":null}},"25":{"start":{"line":76,"column":6},"end":{"line":76,"column":null}},"26":{"start":{"line":78,"column":4},"end":{"line":78,"column":null}},"27":{"start":{"line":80,"column":19},"end":{"line":80,"column":null}},"28":{"start":{"line":81,"column":4},"end":{"line":85,"column":null}},"29":{"start":{"line":89,"column":33},"end":{"line":89,"column":null}},"30":{"start":{"line":90,"column":25},"end":{"line":90,"column":null}},"31":{"start":{"line":90,"column":45},"end":{"line":90,"column":56}},"32":{"start":{"line":91,"column":4},"end":{"line":91,"column":null}},"33":{"start":{"line":93,"column":19},"end":{"line":93,"column":null}},"34":{"start":{"line":94,"column":4},"end":{"line":98,"column":null}},"35":{"start":{"line":102,"column":21},"end":{"line":102,"column":null}},"36":{"start":{"line":103,"column":4},"end":{"line":103,"column":null}},"37":{"start":{"line":105,"column":26},"end":{"line":105,"column":null}},"38":{"start":{"line":106,"column":19},"end":{"line":106,"column":null}},"39":{"start":{"line":107,"column":4},"end":{"line":111,"column":null}},"40":{"start":{"line":115,"column":4},"end":{"line":120,"column":null}},"41":{"start":{"line":116,"column":24},"end":{"line":116,"column":null}},"42":{"start":{"line":117,"column":6},"end":{"line":117,"column":null}},"43":{"start":{"line":119,"column":6},"end":{"line":119,"column":null}}},"fnMap":{"0":{"name":"(anonymous_0)","decl":{"start":{"line":4,"column":19},"end":{"line":4,"column":25}},"loc":{"start":{"line":4,"column":25},"end":{"line":4,"column":null}},"line":4},"1":{"name":"resolveHome","decl":{"start":{"line":7,"column":15},"end":{"line":7,"column":27}},"loc":{"start":{"line":7,"column":58},"end":{"line":13,"column":null}},"line":7},"2":{"name":"(anonymous_2)","decl":{"start":{"line":29,"column":46},"end":{"line":29,"column":47}},"loc":{"start":{"line":29,"column":61},"end":{"line":122,"column":2}},"line":29},"3":{"name":"(anonymous_3)","decl":{"start":{"line":34,"column":13},"end":{"line":34,"column":20}},"loc":{"start":{"line":34,"column":43},"end":{"line":53,"column":null}},"line":34},"4":{"name":"(anonymous_4)","decl":{"start":{"line":55,"column":11},"end":{"line":55,"column":18}},"loc":{"start":{"line":55,"column":31},"end":{"line":71,"column":null}},"line":55},"5":{"name":"(anonymous_5)","decl":{"start":{"line":73,"column":14},"end":{"line":73,"column":21}},"loc":{"start":{"line":73,"column":37},"end":{"line":86,"column":null}},"line":73},"6":{"name":"(anonymous_6)","decl":{"start":{"line":75,"column":35},"end":{"line":75,"column":36}},"loc":{"start":{"line":76,"column":6},"end":{"line":76,"column":null}},"line":76},"7":{"name":"(anonymous_7)","decl":{"start":{"line":88,"column":14},"end":{"line":88,"column":21}},"loc":{"start":{"line":88,"column":28},"end":{"line":99,"column":null}},"line":88},"8":{"name":"(anonymous_8)","decl":{"start":{"line":90,"column":38},"end":{"line":90,"column":39}},"loc":{"start":{"line":90,"column":45},"end":{"line":90,"column":56}},"line":90},"9":{"name":"(anonymous_9)","decl":{"start":{"line":101,"column":22},"end":{"line":101,"column":29}},"loc":{"start":{"line":101,"column":37},"end":{"line":112,"column":null}},"line":101},"10":{"name":"(anonymous_10)","decl":{"start":{"line":114,"column":23},"end":{"line":114,"column":35}},"loc":{"start":{"line":114,"column":35},"end":{"line":121,"column":null}},"line":114}},"branchMap":{"0":{"loc":{"start":{"line":8,"column":2},"end":{"line":11,"column":null}},"type":"if","locations":[{"start":{"line":8,"column":2},"end":{"line":11,"column":null}},{"start":{},"end":{}}],"line":8},"1":{"loc":{"start":{"line":8,"column":6},"end":{"line":8,"column":45}},"type":"binary-expr","locations":[{"start":{"line":8,"column":6},"end":{"line":8,"column":31}},{"start":{"line":8,"column":31},"end":{"line":8,"column":45}}],"line":8},"2":{"loc":{"start":{"line":10,"column":11},"end":{"line":10,"column":null}},"type":"cond-expr","locations":[{"start":{"line":10,"column":26},"end":{"line":10,"column":33}},{"start":{"line":10,"column":33},"end":{"line":10,"column":null}}],"line":10},"3":{"loc":{"start":{"line":35,"column":4},"end":{"line":37,"column":null}},"type":"if","locations":[{"start":{"line":35,"column":4},"end":{"line":37,"column":null}},{"start":{},"end":{}}],"line":35},"4":{"loc":{"start":{"line":38,"column":16},"end":{"line":38,"column":null}},"type":"binary-expr","locations":[{"start":{"line":38,"column":16},"end":{"line":38,"column":29}},{"start":{"line":38,"column":29},"end":{"line":38,"column":null}}],"line":38},"5":{"loc":{"start":{"line":42,"column":25},"end":{"line":44,"column":null}},"type":"cond-expr","locations":[{"start":{"line":43,"column":10},"end":{"line":43,"column":null}},{"start":{"line":44,"column":10},"end":{"line":44,"column":null}}],"line":42},"6":{"loc":{"start":{"line":46,"column":15},"end":{"line":46,"column":null}},"type":"binary-expr","locations":[{"start":{"line":46,"column":15},"end":{"line":46,"column":31}},{"start":{"line":46,"column":31},"end":{"line":46,"column":null}}],"line":46},"7":{"loc":{"start":{"line":76,"column":6},"end":{"line":76,"column":null}},"type":"cond-expr","locations":[{"start":{"line":76,"column":20},"end":{"line":76,"column":43}},{"start":{"line":76,"column":43},"end":{"line":76,"column":null}}],"line":76}},"s":{"0":1,"1":1,"2":3,"3":2,"4":2,"5":1,"6":1,"7":1,"8":5,"9":1,"10":5,"11":5,"12":5,"13":4,"14":4,"15":5,"16":1,"17":1,"18":1,"19":1,"20":1,"21":1,"22":1,"23":4,"24":4,"25":4,"26":4,"27":4,"28":4,"29":1,"30":1,"31":2,"32":1,"33":1,"34":1,"35":2,"36":2,"37":2,"38":2,"39":2,"40":3,"41":3,"42":2,"43":1},"f":{"0":1,"1":3,"2":1,"3":5,"4":1,"5":4,"6":4,"7":1,"8":2,"9":2,"10":3},"b":{"0":[2,1],"1":[3,1],"2":[0,2],"3":[1,4],"4":[5,4],"5":[1,3],"6":[5,0],"7":[4,0]},"meta":{"lastBranch":8,"lastFunction":11,"lastStatement":44,"seen":{"s:4:19:4:Infinity":0,"f:4:19:4:25":0,"s:4:25:4:Infinity":1,"f:7:15:7:27":1,"b:8:2:11:Infinity:undefined:undefined:undefined:undefined":0,"s:8:2:11:Infinity":2,"b:8:6:8:31:8:31:8:45":1,"s:9:17:9:Infinity":3,"s:10:4:10:Infinity":4,"b:10:26:10:33:10:33:10:Infinity":2,"s:12:2:12:Infinity":5,"s:29:13:122:Infinity":6,"f:29:46:29:47":2,"s:29:61:122:2":7,"f:34:13:34:20":3,"b:35:4:37:Infinity:undefined:undefined:undefined:undefined":3,"s:35:4:37:Infinity":8,"s:36:6:36:Infinity":9,"s:38:16:38:Infinity":10,"b:38:16:38:29:38:29:38:Infinity":4,"s:39:4:52:Infinity":11,"s:40:21:40:Infinity":12,"s:41:19:41:Infinity":13,"s:42:25:44:Infinity":14,"b:43:10:43:Infinity:44:10:44:Infinity":5,"s:45:6:49:Infinity":15,"b:46:15:46:31:46:31:46:Infinity":6,"s:51:6:51:Infinity":16,"f:55:11:55:18":4,"s:56:30:59:Infinity":17,"s:61:33:61:Infinity":18,"s:62:25:62:Infinity":19,"s:63:4:63:Infinity":20,"s:65:19:65:Infinity":21,"s:66:4:70:Infinity":22,"f:73:14:73:21":5,"s:74:33:74:Infinity":23,"s:75:25:77:Infinity":24,"f:75:35:75:36":6,"s:76:6:76:Infinity":25,"b:76:20:76:43:76:43:76:Infinity":7,"s:78:4:78:Infinity":26,"s:80:19:80:Infinity":27,"s:81:4:85:Infinity":28,"f:88:14:88:21":7,"s:89:33:89:Infinity":29,"s:90:25:90:Infinity":30,"f:90:38:90:39":8,"s:90:45:90:56":31,"s:91:4:91:Infinity":32,"s:93:19:93:Infinity":33,"s:94:4:98:Infinity":34,"f:101:22:101:29":9,"s:102:21:102:Infinity":35,"s:103:4:103:Infinity":36,"s:105:26:105:Infinity":37,"s:106:19:106:Infinity":38,"s:107:4:111:Infinity":39,"f:114:23:114:35":10,"s:115:4:120:Infinity":40,"s:116:24:116:Infinity":41,"s:117:6:117:Infinity":42,"s:119:6:119:Infinity":43}}}
,"/Users/robennals/broomer-repos/broomer/feature/codex-gemini/src/renderer/store/sessions.ts": {"path":"/Users/robennals/broomer-repos/broomer/feature/codex-gemini/src/renderer/store/sessions.ts","statementMap":{"0":{"start":{"line":91,"column":42},"end":{"line":97,"column":null}},"1":{"start":{"line":99,"column":30},"end":{"line":99,"column":null}},"2":{"start":{"line":102,"column":34},"end":{"line":108,"column":null}},"3":{"start":{"line":103,"column":13},"end":{"line":103,"column":null}},"4":{"start":{"line":104,"column":2},"end":{"line":107,"column":null}},"5":{"start":{"line":111,"column":50},"end":{"line":116,"column":null}},"6":{"start":{"line":119,"column":49},"end":{"line":125,"column":null}},"7":{"start":{"line":128,"column":57},"end":{"line":131,"column":null}},"8":{"start":{"line":193,"column":19},"end":{"line":193,"column":null}},"9":{"start":{"line":193,"column":25},"end":{"line":193,"column":null}},"10":{"start":{"line":197,"column":2},"end":{"line":203,"column":null}},"11":{"start":{"line":215,"column":2},"end":{"line":217,"column":null}},"12":{"start":{"line":216,"column":4},"end":{"line":216,"column":null}},"13":{"start":{"line":219,"column":2},"end":{"line":224,"column":null}},"14":{"start":{"line":231,"column":56},"end":{"line":231,"column":null}},"15":{"start":{"line":232,"column":22},"end":{"line":288,"column":null}},"16":{"start":{"line":238,"column":2},"end":{"line":238,"column":null}},"17":{"start":{"line":238,"column":19},"end":{"line":238,"column":null}},"18":{"start":{"line":239,"column":2},"end":{"line":287,"column":null}},"19":{"start":{"line":240,"column":19},"end":{"line":240,"column":null}},"20":{"start":{"line":241,"column":4},"end":{"line":286,"column":null}},"21":{"start":{"line":244,"column":37},"end":{"line":281,"column":8}},"22":{"start":{"line":290,"column":13},"end":{"line":910,"column":null}},"23":{"start":{"line":290,"column":67},"end":{"line":910,"column":2}},"24":{"start":{"line":301,"column":4},"end":{"line":303,"column":null}},"25":{"start":{"line":302,"column":6},"end":{"line":302,"column":null}},"26":{"start":{"line":304,"column":4},"end":{"line":382,"column":null}},"27":{"start":{"line":305,"column":21},"end":{"line":305,"column":null}},"28":{"start":{"line":306,"column":34},"end":{"line":306,"column":null}},"29":{"start":{"line":308,"column":6},"end":{"line":364,"column":null}},"30":{"start":{"line":309,"column":23},"end":{"line":309,"column":null}},"31":{"start":{"line":310,"column":32},"end":{"line":310,"column":null}},"32":{"start":{"line":312,"column":33},"end":{"line":362,"column":null}},"33":{"start":{"line":363,"column":8},"end":{"line":363,"column":null}},"34":{"start":{"line":366,"column":36},"end":{"line":369,"column":null}},"35":{"start":{"line":371,"column":6},"end":{"line":379,"column":null}},"36":{"start":{"line":373,"column":47},"end":{"line":373,"column":60}},"37":{"start":{"line":381,"column":6},"end":{"line":381,"column":null}},"38":{"start":{"line":386,"column":22},"end":{"line":386,"column":null}},"39":{"start":{"line":387,"column":4},"end":{"line":389,"column":null}},"40":{"start":{"line":388,"column":6},"end":{"line":388,"column":null}},"41":{"start":{"line":391,"column":19},"end":{"line":391,"column":null}},"42":{"start":{"line":392,"column":17},"end":{"line":392,"column":null}},"43":{"start":{"line":393,"column":15},"end":{"line":393,"column":null}},"44":{"start":{"line":395,"column":21},"end":{"line":395,"column":null}},"45":{"start":{"line":396,"column":28},"end":{"line":396,"column":null}},"46":{"start":{"line":397,"column":32},"end":{"line":429,"column":null}},"47":{"start":{"line":431,"column":77},"end":{"line":431,"column":null}},"48":{"start":{"line":432,"column":28},"end":{"line":432,"column":null}},"49":{"start":{"line":435,"column":31},"end":{"line":435,"column":null}},"50":{"start":{"line":436,"column":4},"end":{"line":446,"column":null}},"51":{"start":{"line":438,"column":26},"end":{"line":438,"column":null}},"52":{"start":{"line":439,"column":6},"end":{"line":439,"column":null}},"53":{"start":{"line":440,"column":6},"end":{"line":444,"column":null}},"54":{"start":{"line":441,"column":8},"end":{"line":441,"column":null}},"55":{"start":{"line":443,"column":8},"end":{"line":443,"column":null}},"56":{"start":{"line":445,"column":6},"end":{"line":445,"column":null}},"57":{"start":{"line":448,"column":4},"end":{"line":451,"column":null}},"58":{"start":{"line":453,"column":4},"end":{"line":453,"column":null}},"59":{"start":{"line":457,"column":94},"end":{"line":457,"column":null}},"60":{"start":{"line":458,"column":28},"end":{"line":458,"column":null}},"61":{"start":{"line":458,"column":51},"end":{"line":458,"column":62}},"62":{"start":{"line":460,"column":22},"end":{"line":460,"column":null}},"63":{"start":{"line":461,"column":4},"end":{"line":463,"column":null}},"64":{"start":{"line":462,"column":6},"end":{"line":462,"column":null}},"65":{"start":{"line":465,"column":4},"end":{"line":468,"column":null}},"66":{"start":{"line":470,"column":4},"end":{"line":470,"column":null}},"67":{"start":{"line":474,"column":4},"end":{"line":474,"column":null}},"68":{"start":{"line":478,"column":25},"end":{"line":478,"column":null}},"69":{"start":{"line":479,"column":4},"end":{"line":481,"column":null}},"70":{"start":{"line":480,"column":37},"end":{"line":480,"column":72}},"71":{"start":{"line":485,"column":46},"end":{"line":485,"column":null}},"72":{"start":{"line":486,"column":4},"end":{"line":491,"column":null}},"73":{"start":{"line":487,"column":21},"end":{"line":487,"column":null}},"74":{"start":{"line":488,"column":6},"end":{"line":490,"column":null}},"75":{"start":{"line":489,"column":8},"end":{"line":489,"column":null}},"76":{"start":{"line":496,"column":77},"end":{"line":496,"column":null}},"77":{"start":{"line":497,"column":28},"end":{"line":507,"column":null}},"78":{"start":{"line":498,"column":6},"end":{"line":498,"column":null}},"79":{"start":{"line":498,"column":30},"end":{"line":498,"column":null}},"80":{"start":{"line":499,"column":28},"end":{"line":502,"column":null}},"81":{"start":{"line":503,"column":6},"end":{"line":506,"column":null}},"82":{"start":{"line":508,"column":4},"end":{"line":508,"column":null}},"83":{"start":{"line":509,"column":4},"end":{"line":509,"column":null}},"84":{"start":{"line":514,"column":77},"end":{"line":514,"column":null}},"85":{"start":{"line":515,"column":26},"end":{"line":518,"column":null}},"86":{"start":{"line":519,"column":4},"end":{"line":524,"column":null}},"87":{"start":{"line":525,"column":4},"end":{"line":525,"column":null}},"88":{"start":{"line":529,"column":77},"end":{"line":529,"column":null}},"89":{"start":{"line":530,"column":28},"end":{"line":540,"column":null}},"90":{"start":{"line":531,"column":6},"end":{"line":531,"column":null}},"91":{"start":{"line":531,"column":30},"end":{"line":531,"column":null}},"92":{"start":{"line":532,"column":28},"end":{"line":535,"column":null}},"93":{"start":{"line":536,"column":6},"end":{"line":539,"column":null}},"94":{"start":{"line":541,"column":4},"end":{"line":541,"column":null}},"95":{"start":{"line":542,"column":4},"end":{"line":542,"column":null}},"96":{"start":{"line":546,"column":62},"end":{"line":546,"column":null}},"97":{"start":{"line":547,"column":4},"end":{"line":547,"column":null}},"98":{"start":{"line":548,"column":4},"end":{"line":548,"column":null}},"99":{"start":{"line":553,"column":4},"end":{"line":553,"column":null}},"100":{"start":{"line":557,"column":63},"end":{"line":557,"column":null}},"101":{"start":{"line":558,"column":4},"end":{"line":558,"column":null}},"102":{"start":{"line":559,"column":4},"end":{"line":559,"column":null}},"103":{"start":{"line":563,"column":4},"end":{"line":563,"column":null}},"104":{"start":{"line":567,"column":4},"end":{"line":567,"column":null}},"105":{"start":{"line":571,"column":4},"end":{"line":571,"column":null}},"106":{"start":{"line":575,"column":4},"end":{"line":575,"column":null}},"107":{"start":{"line":579,"column":25},"end":{"line":579,"column":null}},"108":{"start":{"line":580,"column":28},"end":{"line":582,"column":null}},"109":{"start":{"line":581,"column":6},"end":{"line":581,"column":null}},"110":{"start":{"line":583,"column":4},"end":{"line":583,"column":null}},"111":{"start":{"line":588,"column":77},"end":{"line":588,"column":null}},"112":{"start":{"line":589,"column":28},"end":{"line":603,"column":null}},"113":{"start":{"line":590,"column":6},"end":{"line":590,"column":null}},"114":{"start":{"line":590,"column":23},"end":{"line":590,"column":null}},"115":{"start":{"line":591,"column":28},"end":{"line":594,"column":null}},"116":{"start":{"line":596,"column":26},"end":{"line":596,"column":null}},"117":{"start":{"line":596,"column":74},"end":{"line":596,"column":88}},"118":{"start":{"line":597,"column":6},"end":{"line":602,"column":null}},"119":{"start":{"line":604,"column":4},"end":{"line":604,"column":null}},"120":{"start":{"line":605,"column":4},"end":{"line":605,"column":null}},"121":{"start":{"line":609,"column":77},"end":{"line":609,"column":null}},"122":{"start":{"line":610,"column":28},"end":{"line":612,"column":null}},"123":{"start":{"line":611,"column":6},"end":{"line":611,"column":null}},"124":{"start":{"line":613,"column":4},"end":{"line":613,"column":null}},"125":{"start":{"line":614,"column":4},"end":{"line":614,"column":null}},"126":{"start":{"line":618,"column":77},"end":{"line":618,"column":null}},"127":{"start":{"line":619,"column":28},"end":{"line":621,"column":null}},"128":{"start":{"line":620,"column":6},"end":{"line":620,"column":null}},"129":{"start":{"line":622,"column":4},"end":{"line":622,"column":null}},"130":{"start":{"line":623,"column":4},"end":{"line":623,"column":null}},"131":{"start":{"line":627,"column":77},"end":{"line":627,"column":null}},"132":{"start":{"line":628,"column":28},"end":{"line":630,"column":null}},"133":{"start":{"line":629,"column":6},"end":{"line":629,"column":null}},"134":{"start":{"line":631,"column":4},"end":{"line":631,"column":null}},"135":{"start":{"line":632,"column":4},"end":{"line":632,"column":null}},"136":{"start":{"line":636,"column":25},"end":{"line":636,"column":null}},"137":{"start":{"line":637,"column":28},"end":{"line":663,"column":null}},"138":{"start":{"line":638,"column":6},"end":{"line":638,"column":null}},"139":{"start":{"line":638,"column":23},"end":{"line":638,"column":null}},"140":{"start":{"line":639,"column":40},"end":{"line":639,"column":null}},"141":{"start":{"line":640,"column":6},"end":{"line":642,"column":null}},"142":{"start":{"line":641,"column":8},"end":{"line":641,"column":null}},"143":{"start":{"line":643,"column":6},"end":{"line":646,"column":null}},"144":{"start":{"line":644,"column":8},"end":{"line":644,"column":null}},"145":{"start":{"line":645,"column":8},"end":{"line":645,"column":null}},"146":{"start":{"line":648,"column":6},"end":{"line":650,"column":null}},"147":{"start":{"line":649,"column":8},"end":{"line":649,"column":null}},"148":{"start":{"line":655,"column":6},"end":{"line":661,"column":null}},"149":{"start":{"line":656,"column":32},"end":{"line":656,"column":null}},"150":{"start":{"line":657,"column":8},"end":{"line":659,"column":null}},"151":{"start":{"line":658,"column":10},"end":{"line":658,"column":null}},"152":{"start":{"line":660,"column":8},"end":{"line":660,"column":null}},"153":{"start":{"line":662,"column":6},"end":{"line":662,"column":null}},"154":{"start":{"line":664,"column":4},"end":{"line":664,"column":null}},"155":{"start":{"line":669,"column":25},"end":{"line":669,"column":null}},"156":{"start":{"line":670,"column":28},"end":{"line":672,"column":null}},"157":{"start":{"line":671,"column":6},"end":{"line":671,"column":null}},"158":{"start":{"line":673,"column":4},"end":{"line":673,"column":null}},"159":{"start":{"line":679,"column":77},"end":{"line":679,"column":null}},"160":{"start":{"line":680,"column":18},"end":{"line":680,"column":null}},"161":{"start":{"line":681,"column":20},"end":{"line":681,"column":null}},"162":{"start":{"line":681,"column":41},"end":{"line":681,"column":59}},"163":{"start":{"line":682,"column":22},"end":{"line":682,"column":null}},"164":{"start":{"line":683,"column":20},"end":{"line":683,"column":null}},"165":{"start":{"line":685,"column":28},"end":{"line":694,"column":null}},"166":{"start":{"line":686,"column":6},"end":{"line":686,"column":null}},"167":{"start":{"line":686,"column":30},"end":{"line":686,"column":null}},"168":{"start":{"line":687,"column":6},"end":{"line":693,"column":null}},"169":{"start":{"line":695,"column":4},"end":{"line":695,"column":null}},"170":{"start":{"line":696,"column":4},"end":{"line":696,"column":null}},"171":{"start":{"line":697,"column":4},"end":{"line":697,"column":null}},"172":{"start":{"line":701,"column":77},"end":{"line":701,"column":null}},"173":{"start":{"line":702,"column":28},"end":{"line":725,"column":null}},"174":{"start":{"line":703,"column":6},"end":{"line":703,"column":null}},"175":{"start":{"line":703,"column":30},"end":{"line":703,"column":null}},"176":{"start":{"line":704,"column":23},"end":{"line":704,"column":null}},"177":{"start":{"line":704,"column":60},"end":{"line":704,"column":74}},"178":{"start":{"line":705,"column":22},"end":{"line":705,"column":null}},"179":{"start":{"line":705,"column":56},"end":{"line":705,"column":70}},"180":{"start":{"line":708,"column":6},"end":{"line":708,"column":null}},"181":{"start":{"line":708,"column":32},"end":{"line":708,"column":null}},"182":{"start":{"line":711,"column":24},"end":{"line":711,"column":null}},"183":{"start":{"line":712,"column":6},"end":{"line":716,"column":null}},"184":{"start":{"line":714,"column":25},"end":{"line":714,"column":null}},"185":{"start":{"line":715,"column":8},"end":{"line":715,"column":null}},"186":{"start":{"line":718,"column":6},"end":{"line":724,"column":null}},"187":{"start":{"line":726,"column":4},"end":{"line":726,"column":null}},"188":{"start":{"line":727,"column":4},"end":{"line":727,"column":null}},"189":{"start":{"line":731,"column":77},"end":{"line":731,"column":null}},"190":{"start":{"line":732,"column":28},"end":{"line":743,"column":null}},"191":{"start":{"line":733,"column":6},"end":{"line":733,"column":null}},"192":{"start":{"line":733,"column":30},"end":{"line":733,"column":null}},"193":{"start":{"line":734,"column":6},"end":{"line":742,"column":null}},"194":{"start":{"line":739,"column":12},"end":{"line":739,"column":null}},"195":{"start":{"line":744,"column":4},"end":{"line":744,"column":null}},"196":{"start":{"line":745,"column":4},"end":{"line":745,"column":null}},"197":{"start":{"line":749,"column":77},"end":{"line":749,"column":null}},"198":{"start":{"line":750,"column":28},"end":{"line":759,"column":null}},"199":{"start":{"line":751,"column":6},"end":{"line":751,"column":null}},"200":{"start":{"line":751,"column":30},"end":{"line":751,"column":null}},"201":{"start":{"line":752,"column":6},"end":{"line":758,"column":null}},"202":{"start":{"line":760,"column":4},"end":{"line":760,"column":null}},"203":{"start":{"line":761,"column":4},"end":{"line":761,"column":null}},"204":{"start":{"line":765,"column":25},"end":{"line":765,"column":null}},"205":{"start":{"line":766,"column":28},"end":{"line":775,"column":null}},"206":{"start":{"line":767,"column":6},"end":{"line":767,"column":null}},"207":{"start":{"line":767,"column":30},"end":{"line":767,"column":null}},"208":{"start":{"line":768,"column":6},"end":{"line":774,"column":null}},"209":{"start":{"line":776,"column":4},"end":{"line":776,"column":null}},"210":{"start":{"line":781,"column":77},"end":{"line":781,"column":null}},"211":{"start":{"line":782,"column":28},"end":{"line":793,"column":null}},"212":{"start":{"line":783,"column":6},"end":{"line":783,"column":null}},"213":{"start":{"line":783,"column":30},"end":{"line":783,"column":null}},"214":{"start":{"line":784,"column":18},"end":{"line":784,"column":null}},"215":{"start":{"line":784,"column":50},"end":{"line":784,"column":64}},"216":{"start":{"line":785,"column":6},"end":{"line":785,"column":null}},"217":{"start":{"line":785,"column":16},"end":{"line":785,"column":null}},"218":{"start":{"line":786,"column":6},"end":{"line":792,"column":null}},"219":{"start":{"line":794,"column":4},"end":{"line":794,"column":null}},"220":{"start":{"line":795,"column":4},"end":{"line":795,"column":null}},"221":{"start":{"line":799,"column":77},"end":{"line":799,"column":null}},"222":{"start":{"line":800,"column":28},"end":{"line":815,"column":null}},"223":{"start":{"line":801,"column":6},"end":{"line":801,"column":null}},"224":{"start":{"line":801,"column":30},"end":{"line":801,"column":null}},"225":{"start":{"line":802,"column":23},"end":{"line":802,"column":null}},"226":{"start":{"line":802,"column":60},"end":{"line":802,"column":74}},"227":{"start":{"line":803,"column":6},"end":{"line":803,"column":null}},"228":{"start":{"line":803,"column":27},"end":{"line":803,"column":null}},"229":{"start":{"line":804,"column":22},"end":{"line":804,"column":null}},"230":{"start":{"line":806,"column":26},"end":{"line":806,"column":null}},"231":{"start":{"line":806,"column":63},"end":{"line":806,"column":98}},"232":{"start":{"line":807,"column":26},"end":{"line":807,"column":null}},"233":{"start":{"line":808,"column":6},"end":{"line":814,"column":null}},"234":{"start":{"line":816,"column":4},"end":{"line":816,"column":null}},"235":{"start":{"line":817,"column":4},"end":{"line":817,"column":null}},"236":{"start":{"line":821,"column":25},"end":{"line":821,"column":null}},"237":{"start":{"line":822,"column":28},"end":{"line":824,"column":null}},"238":{"start":{"line":823,"column":6},"end":{"line":823,"column":null}},"239":{"start":{"line":825,"column":4},"end":{"line":825,"column":null}},"240":{"start":{"line":830,"column":77},"end":{"line":830,"column":null}},"241":{"start":{"line":831,"column":28},"end":{"line":835,"column":null}},"242":{"start":{"line":832,"column":6},"end":{"line":834,"column":null}},"243":{"start":{"line":836,"column":4},"end":{"line":836,"column":null}},"244":{"start":{"line":837,"column":4},"end":{"line":837,"column":null}},"245":{"start":{"line":841,"column":77},"end":{"line":841,"column":null}},"246":{"start":{"line":842,"column":28},"end":{"line":846,"column":null}},"247":{"start":{"line":843,"column":6},"end":{"line":845,"column":null}},"248":{"start":{"line":847,"column":4},"end":{"line":847,"column":null}},"249":{"start":{"line":848,"column":4},"end":{"line":848,"column":null}},"250":{"start":{"line":852,"column":77},"end":{"line":852,"column":null}},"251":{"start":{"line":853,"column":20},"end":{"line":853,"column":null}},"252":{"start":{"line":853,"column":41},"end":{"line":853,"column":59}},"253":{"start":{"line":854,"column":4},"end":{"line":854,"column":null}},"254":{"start":{"line":854,"column":43},"end":{"line":854,"column":null}},"255":{"start":{"line":855,"column":28},"end":{"line":857,"column":null}},"256":{"start":{"line":856,"column":6},"end":{"line":856,"column":null}},"257":{"start":{"line":858,"column":4},"end":{"line":858,"column":null}},"258":{"start":{"line":859,"column":4},"end":{"line":859,"column":null}},"259":{"start":{"line":863,"column":25},"end":{"line":863,"column":null}},"260":{"start":{"line":864,"column":28},"end":{"line":866,"column":null}},"261":{"start":{"line":865,"column":6},"end":{"line":865,"column":null}},"262":{"start":{"line":867,"column":4},"end":{"line":867,"column":null}},"263":{"start":{"line":872,"column":77},"end":{"line":872,"column":null}},"264":{"start":{"line":873,"column":28},"end":{"line":882,"column":null}},"265":{"start":{"line":874,"column":6},"end":{"line":881,"column":null}},"266":{"start":{"line":883,"column":4},"end":{"line":883,"column":null}},"267":{"start":{"line":884,"column":4},"end":{"line":884,"column":null}},"268":{"start":{"line":888,"column":94},"end":{"line":888,"column":null}},"269":{"start":{"line":889,"column":28},"end":{"line":891,"column":null}},"270":{"start":{"line":890,"column":6},"end":{"line":890,"column":null}},"271":{"start":{"line":893,"column":22},"end":{"line":893,"column":null}},"272":{"start":{"line":894,"column":4},"end":{"line":897,"column":null}},"273":{"start":{"line":895,"column":25},"end":{"line":895,"column":null}},"274":{"start":{"line":895,"column":53},"end":{"line":895,"column":66}},"275":{"start":{"line":896,"column":6},"end":{"line":896,"column":null}},"276":{"start":{"line":898,"column":4},"end":{"line":898,"column":null}},"277":{"start":{"line":899,"column":4},"end":{"line":899,"column":null}},"278":{"start":{"line":903,"column":77},"end":{"line":903,"column":null}},"279":{"start":{"line":904,"column":28},"end":{"line":906,"column":null}},"280":{"start":{"line":905,"column":6},"end":{"line":905,"column":null}},"281":{"start":{"line":907,"column":4},"end":{"line":907,"column":null}},"282":{"start":{"line":908,"column":4},"end":{"line":908,"column":null}}},"fnMap":{"0":{"name":"(anonymous_0)","decl":{"start":{"line":102,"column":34},"end":{"line":102,"column":59}},"loc":{"start":{"line":102,"column":59},"end":{"line":108,"column":null}},"line":102},"1":{"name":"(anonymous_1)","decl":{"start":{"line":193,"column":19},"end":{"line":193,"column":25}},"loc":{"start":{"line":193,"column":25},"end":{"line":193,"column":null}},"line":193},"2":{"name":"syncLegacyFields","decl":{"start":{"line":196,"column":9},"end":{"line":196,"column":26}},"loc":{"start":{"line":196,"column":53},"end":{"line":204,"column":null}},"line":196},"3":{"name":"createPanelVisibilityFromLegacy","decl":{"start":{"line":207,"column":9},"end":{"line":207,"column":41}},"loc":{"start":{"line":213,"column":20},"end":{"line":225,"column":null}},"line":213},"4":{"name":"(anonymous_4)","decl":{"start":{"line":232,"column":22},"end":{"line":232,"column":null}},"loc":{"start":{"line":237,"column":5},"end":{"line":288,"column":null}},"line":237},"5":{"name":"(anonymous_5)","decl":{"start":{"line":239,"column":27},"end":{"line":239,"column":39}},"loc":{"start":{"line":239,"column":39},"end":{"line":287,"column":5}},"line":239},"6":{"name":"(anonymous_6)","decl":{"start":{"line":244,"column":29},"end":{"line":244,"column":30}},"loc":{"start":{"line":244,"column":37},"end":{"line":281,"column":8}},"line":244},"7":{"name":"(anonymous_7)","decl":{"start":{"line":290,"column":52},"end":{"line":290,"column":53}},"loc":{"start":{"line":290,"column":67},"end":{"line":910,"column":2}},"line":290},"8":{"name":"(anonymous_8)","decl":{"start":{"line":300,"column":16},"end":{"line":300,"column":23}},"loc":{"start":{"line":300,"column":46},"end":{"line":383,"column":null}},"line":300},"9":{"name":"(anonymous_9)","decl":{"start":{"line":373,"column":40},"end":{"line":373,"column":41}},"loc":{"start":{"line":373,"column":47},"end":{"line":373,"column":60}},"line":373},"10":{"name":"(anonymous_10)","decl":{"start":{"line":385,"column":14},"end":{"line":385,"column":21}},"loc":{"start":{"line":385,"column":266},"end":{"line":454,"column":null}},"line":385},"11":{"name":"(anonymous_11)","decl":{"start":{"line":456,"column":17},"end":{"line":456,"column":24}},"loc":{"start":{"line":456,"column":39},"end":{"line":471,"column":null}},"line":456},"12":{"name":"(anonymous_12)","decl":{"start":{"line":458,"column":44},"end":{"line":458,"column":45}},"loc":{"start":{"line":458,"column":51},"end":{"line":458,"column":62}},"line":458},"13":{"name":"(anonymous_13)","decl":{"start":{"line":473,"column":20},"end":{"line":473,"column":21}},"loc":{"start":{"line":473,"column":43},"end":{"line":475,"column":null}},"line":473},"14":{"name":"(anonymous_14)","decl":{"start":{"line":477,"column":23},"end":{"line":477,"column":24}},"loc":{"start":{"line":477,"column":55},"end":{"line":482,"column":null}},"line":477},"15":{"name":"(anonymous_15)","decl":{"start":{"line":480,"column":29},"end":{"line":480,"column":30}},"loc":{"start":{"line":480,"column":37},"end":{"line":480,"column":72}},"line":480},"16":{"name":"(anonymous_16)","decl":{"start":{"line":484,"column":22},"end":{"line":484,"column":34}},"loc":{"start":{"line":484,"column":34},"end":{"line":492,"column":null}},"line":484},"17":{"name":"(anonymous_17)","decl":{"start":{"line":495,"column":15},"end":{"line":495,"column":16}},"loc":{"start":{"line":495,"column":55},"end":{"line":510,"column":null}},"line":495},"18":{"name":"(anonymous_18)","decl":{"start":{"line":497,"column":41},"end":{"line":497,"column":42}},"loc":{"start":{"line":497,"column":48},"end":{"line":507,"column":5}},"line":497},"19":{"name":"(anonymous_19)","decl":{"start":{"line":513,"column":21},"end":{"line":513,"column":22}},"loc":{"start":{"line":513,"column":42},"end":{"line":526,"column":null}},"line":513},"20":{"name":"(anonymous_20)","decl":{"start":{"line":528,"column":22},"end":{"line":528,"column":23}},"loc":{"start":{"line":528,"column":80},"end":{"line":543,"column":null}},"line":528},"21":{"name":"(anonymous_21)","decl":{"start":{"line":530,"column":41},"end":{"line":530,"column":42}},"loc":{"start":{"line":530,"column":48},"end":{"line":540,"column":5}},"line":530},"22":{"name":"(anonymous_22)","decl":{"start":{"line":545,"column":20},"end":{"line":545,"column":21}},"loc":{"start":{"line":545,"column":42},"end":{"line":549,"column":null}},"line":545},"23":{"name":"(anonymous_23)","decl":{"start":{"line":552,"column":17},"end":{"line":552,"column":23}},"loc":{"start":{"line":552,"column":23},"end":{"line":554,"column":null}},"line":552},"24":{"name":"(anonymous_24)","decl":{"start":{"line":556,"column":19},"end":{"line":556,"column":20}},"loc":{"start":{"line":556,"column":38},"end":{"line":560,"column":null}},"line":556},"25":{"name":"(anonymous_25)","decl":{"start":{"line":562,"column":23},"end":{"line":562,"column":24}},"loc":{"start":{"line":562,"column":39},"end":{"line":564,"column":null}},"line":562},"26":{"name":"(anonymous_26)","decl":{"start":{"line":566,"column":22},"end":{"line":566,"column":23}},"loc":{"start":{"line":566,"column":38},"end":{"line":568,"column":null}},"line":566},"27":{"name":"(anonymous_27)","decl":{"start":{"line":570,"column":18},"end":{"line":570,"column":19}},"loc":{"start":{"line":570,"column":34},"end":{"line":572,"column":null}},"line":570},"28":{"name":"(anonymous_28)","decl":{"start":{"line":574,"column":20},"end":{"line":574,"column":21}},"loc":{"start":{"line":574,"column":36},"end":{"line":576,"column":null}},"line":574},"29":{"name":"(anonymous_29)","decl":{"start":{"line":578,"column":15},"end":{"line":578,"column":16}},"loc":{"start":{"line":578,"column":52},"end":{"line":585,"column":null}},"line":578},"30":{"name":"(anonymous_30)","decl":{"start":{"line":580,"column":41},"end":{"line":580,"column":42}},"loc":{"start":{"line":581,"column":6},"end":{"line":581,"column":null}},"line":581},"31":{"name":"(anonymous_31)","decl":{"start":{"line":587,"column":14},"end":{"line":587,"column":15}},"loc":{"start":{"line":587,"column":48},"end":{"line":606,"column":null}},"line":587},"32":{"name":"(anonymous_32)","decl":{"start":{"line":589,"column":41},"end":{"line":589,"column":42}},"loc":{"start":{"line":589,"column":48},"end":{"line":603,"column":5}},"line":589},"33":{"name":"(anonymous_33)","decl":{"start":{"line":596,"column":69},"end":{"line":596,"column":74}},"loc":{"start":{"line":596,"column":74},"end":{"line":596,"column":88}},"line":596},"34":{"name":"(anonymous_34)","decl":{"start":{"line":608,"column":25},"end":{"line":608,"column":26}},"loc":{"start":{"line":608,"column":71},"end":{"line":615,"column":null}},"line":608},"35":{"name":"(anonymous_35)","decl":{"start":{"line":610,"column":41},"end":{"line":610,"column":42}},"loc":{"start":{"line":611,"column":6},"end":{"line":611,"column":null}},"line":611},"36":{"name":"(anonymous_36)","decl":{"start":{"line":617,"column":20},"end":{"line":617,"column":21}},"loc":{"start":{"line":617,"column":75},"end":{"line":624,"column":null}},"line":617},"37":{"name":"(anonymous_37)","decl":{"start":{"line":619,"column":41},"end":{"line":619,"column":42}},"loc":{"start":{"line":620,"column":6},"end":{"line":620,"column":null}},"line":620},"38":{"name":"(anonymous_38)","decl":{"start":{"line":626,"column":21},"end":{"line":626,"column":22}},"loc":{"start":{"line":626,"column":61},"end":{"line":633,"column":null}},"line":626},"39":{"name":"(anonymous_39)","decl":{"start":{"line":628,"column":41},"end":{"line":628,"column":42}},"loc":{"start":{"line":629,"column":6},"end":{"line":629,"column":null}},"line":629},"40":{"name":"(anonymous_40)","decl":{"start":{"line":635,"column":22},"end":{"line":635,"column":23}},"loc":{"start":{"line":635,"column":96},"end":{"line":666,"column":null}},"line":635},"41":{"name":"(anonymous_41)","decl":{"start":{"line":637,"column":41},"end":{"line":637,"column":42}},"loc":{"start":{"line":637,"column":48},"end":{"line":663,"column":5}},"line":637},"42":{"name":"(anonymous_42)","decl":{"start":{"line":668,"column":19},"end":{"line":668,"column":20}},"loc":{"start":{"line":668,"column":35},"end":{"line":675,"column":null}},"line":668},"43":{"name":"(anonymous_43)","decl":{"start":{"line":670,"column":41},"end":{"line":670,"column":42}},"loc":{"start":{"line":671,"column":6},"end":{"line":671,"column":null}},"line":671},"44":{"name":"(anonymous_44)","decl":{"start":{"line":678,"column":18},"end":{"line":678,"column":19}},"loc":{"start":{"line":678,"column":56},"end":{"line":698,"column":null}},"line":678},"45":{"name":"(anonymous_45)","decl":{"start":{"line":681,"column":34},"end":{"line":681,"column":35}},"loc":{"start":{"line":681,"column":41},"end":{"line":681,"column":59}},"line":681},"46":{"name":"(anonymous_46)","decl":{"start":{"line":685,"column":41},"end":{"line":685,"column":42}},"loc":{"start":{"line":685,"column":48},"end":{"line":694,"column":5}},"line":685},"47":{"name":"(anonymous_47)","decl":{"start":{"line":700,"column":21},"end":{"line":700,"column":22}},"loc":{"start":{"line":700,"column":59},"end":{"line":728,"column":null}},"line":700},"48":{"name":"(anonymous_48)","decl":{"start":{"line":702,"column":41},"end":{"line":702,"column":42}},"loc":{"start":{"line":702,"column":48},"end":{"line":725,"column":5}},"line":702},"49":{"name":"(anonymous_49)","decl":{"start":{"line":704,"column":53},"end":{"line":704,"column":54}},"loc":{"start":{"line":704,"column":60},"end":{"line":704,"column":74}},"line":704},"50":{"name":"(anonymous_50)","decl":{"start":{"line":705,"column":49},"end":{"line":705,"column":50}},"loc":{"start":{"line":705,"column":56},"end":{"line":705,"column":70}},"line":705},"51":{"name":"(anonymous_51)","decl":{"start":{"line":730,"column":21},"end":{"line":730,"column":22}},"loc":{"start":{"line":730,"column":73},"end":{"line":746,"column":null}},"line":730},"52":{"name":"(anonymous_52)","decl":{"start":{"line":732,"column":41},"end":{"line":732,"column":42}},"loc":{"start":{"line":732,"column":48},"end":{"line":743,"column":5}},"line":732},"53":{"name":"(anonymous_53)","decl":{"start":{"line":738,"column":40},"end":{"line":738,"column":41}},"loc":{"start":{"line":739,"column":12},"end":{"line":739,"column":null}},"line":739},"54":{"name":"(anonymous_54)","decl":{"start":{"line":748,"column":23},"end":{"line":748,"column":24}},"loc":{"start":{"line":748,"column":67},"end":{"line":762,"column":null}},"line":748},"55":{"name":"(anonymous_55)","decl":{"start":{"line":750,"column":41},"end":{"line":750,"column":42}},"loc":{"start":{"line":750,"column":48},"end":{"line":759,"column":5}},"line":750},"56":{"name":"(anonymous_56)","decl":{"start":{"line":764,"column":24},"end":{"line":764,"column":25}},"loc":{"start":{"line":764,"column":62},"end":{"line":778,"column":null}},"line":764},"57":{"name":"(anonymous_57)","decl":{"start":{"line":766,"column":41},"end":{"line":766,"column":42}},"loc":{"start":{"line":766,"column":48},"end":{"line":775,"column":5}},"line":766},"58":{"name":"(anonymous_58)","decl":{"start":{"line":780,"column":26},"end":{"line":780,"column":27}},"loc":{"start":{"line":780,"column":64},"end":{"line":796,"column":null}},"line":780},"59":{"name":"(anonymous_59)","decl":{"start":{"line":782,"column":41},"end":{"line":782,"column":42}},"loc":{"start":{"line":782,"column":48},"end":{"line":793,"column":5}},"line":782},"60":{"name":"(anonymous_60)","decl":{"start":{"line":784,"column":43},"end":{"line":784,"column":44}},"loc":{"start":{"line":784,"column":50},"end":{"line":784,"column":64}},"line":784},"61":{"name":"(anonymous_61)","decl":{"start":{"line":798,"column":28},"end":{"line":798,"column":29}},"loc":{"start":{"line":798,"column":66},"end":{"line":818,"column":null}},"line":798},"62":{"name":"(anonymous_62)","decl":{"start":{"line":800,"column":41},"end":{"line":800,"column":42}},"loc":{"start":{"line":800,"column":48},"end":{"line":815,"column":5}},"line":800},"63":{"name":"(anonymous_63)","decl":{"start":{"line":802,"column":53},"end":{"line":802,"column":54}},"loc":{"start":{"line":802,"column":60},"end":{"line":802,"column":74}},"line":802},"64":{"name":"(anonymous_64)","decl":{"start":{"line":806,"column":56},"end":{"line":806,"column":57}},"loc":{"start":{"line":806,"column":63},"end":{"line":806,"column":98}},"line":806},"65":{"name":"(anonymous_65)","decl":{"start":{"line":820,"column":17},"end":{"line":820,"column":18}},"loc":{"start":{"line":820,"column":55},"end":{"line":827,"column":null}},"line":820},"66":{"name":"(anonymous_66)","decl":{"start":{"line":822,"column":41},"end":{"line":822,"column":42}},"loc":{"start":{"line":823,"column":6},"end":{"line":823,"column":null}},"line":823},"67":{"name":"(anonymous_67)","decl":{"start":{"line":829,"column":20},"end":{"line":829,"column":21}},"loc":{"start":{"line":829,"column":63},"end":{"line":838,"column":null}},"line":829},"68":{"name":"(anonymous_68)","decl":{"start":{"line":831,"column":41},"end":{"line":831,"column":42}},"loc":{"start":{"line":832,"column":6},"end":{"line":834,"column":null}},"line":832},"69":{"name":"(anonymous_69)","decl":{"start":{"line":840,"column":19},"end":{"line":840,"column":20}},"loc":{"start":{"line":840,"column":42},"end":{"line":849,"column":null}},"line":840},"70":{"name":"(anonymous_70)","decl":{"start":{"line":842,"column":41},"end":{"line":842,"column":42}},"loc":{"start":{"line":843,"column":6},"end":{"line":845,"column":null}},"line":843},"71":{"name":"(anonymous_71)","decl":{"start":{"line":851,"column":21},"end":{"line":851,"column":22}},"loc":{"start":{"line":851,"column":44},"end":{"line":860,"column":null}},"line":851},"72":{"name":"(anonymous_72)","decl":{"start":{"line":853,"column":34},"end":{"line":853,"column":35}},"loc":{"start":{"line":853,"column":41},"end":{"line":853,"column":59}},"line":853},"73":{"name":"(anonymous_73)","decl":{"start":{"line":855,"column":41},"end":{"line":855,"column":42}},"loc":{"start":{"line":856,"column":6},"end":{"line":856,"column":null}},"line":856},"74":{"name":"(anonymous_74)","decl":{"start":{"line":862,"column":22},"end":{"line":862,"column":23}},"loc":{"start":{"line":862,"column":67},"end":{"line":869,"column":null}},"line":862},"75":{"name":"(anonymous_75)","decl":{"start":{"line":864,"column":41},"end":{"line":864,"column":42}},"loc":{"start":{"line":865,"column":6},"end":{"line":865,"column":null}},"line":865},"76":{"name":"(anonymous_76)","decl":{"start":{"line":871,"column":17},"end":{"line":871,"column":18}},"loc":{"start":{"line":871,"column":93},"end":{"line":885,"column":null}},"line":871},"77":{"name":"(anonymous_77)","decl":{"start":{"line":873,"column":41},"end":{"line":873,"column":42}},"loc":{"start":{"line":874,"column":6},"end":{"line":881,"column":null}},"line":874},"78":{"name":"(anonymous_78)","decl":{"start":{"line":887,"column":18},"end":{"line":887,"column":19}},"loc":{"start":{"line":887,"column":41},"end":{"line":900,"column":null}},"line":887},"79":{"name":"(anonymous_79)","decl":{"start":{"line":889,"column":41},"end":{"line":889,"column":42}},"loc":{"start":{"line":890,"column":6},"end":{"line":890,"column":null}},"line":890},"80":{"name":"(anonymous_80)","decl":{"start":{"line":895,"column":46},"end":{"line":895,"column":47}},"loc":{"start":{"line":895,"column":53},"end":{"line":895,"column":66}},"line":895},"81":{"name":"(anonymous_81)","decl":{"start":{"line":902,"column":20},"end":{"line":902,"column":21}},"loc":{"start":{"line":902,"column":43},"end":{"line":909,"column":null}},"line":902},"82":{"name":"(anonymous_82)","decl":{"start":{"line":904,"column":41},"end":{"line":904,"column":42}},"loc":{"start":{"line":905,"column":6},"end":{"line":905,"column":null}},"line":905}},"branchMap":{"0":{"loc":{"start":{"line":199,"column":23},"end":{"line":199,"column":null}},"type":"binary-expr","locations":[{"start":{"line":199,"column":23},"end":{"line":199,"column":76}},{"start":{"line":199,"column":76},"end":{"line":199,"column":null}}],"line":199},"1":{"loc":{"start":{"line":200,"column":22},"end":{"line":200,"column":null}},"type":"binary-expr","locations":[{"start":{"line":200,"column":22},"end":{"line":200,"column":74}},{"start":{"line":200,"column":74},"end":{"line":200,"column":null}}],"line":200},"2":{"loc":{"start":{"line":201,"column":18},"end":{"line":201,"column":null}},"type":"binary-expr","locations":[{"start":{"line":201,"column":18},"end":{"line":201,"column":65}},{"start":{"line":201,"column":65},"end":{"line":201,"column":null}}],"line":201},"3":{"loc":{"start":{"line":202,"column":20},"end":{"line":202,"column":null}},"type":"binary-expr","locations":[{"start":{"line":202,"column":20},"end":{"line":202,"column":70}},{"start":{"line":202,"column":70},"end":{"line":202,"column":null}}],"line":202},"4":{"loc":{"start":{"line":215,"column":2},"end":{"line":217,"column":null}},"type":"if","locations":[{"start":{"line":215,"column":2},"end":{"line":217,"column":null}},{"start":{},"end":{}}],"line":215},"5":{"loc":{"start":{"line":220,"column":32},"end":{"line":220,"column":null}},"type":"binary-expr","locations":[{"start":{"line":220,"column":32},"end":{"line":220,"column":58}},{"start":{"line":220,"column":58},"end":{"line":220,"column":null}}],"line":220},"6":{"loc":{"start":{"line":221,"column":31},"end":{"line":221,"column":null}},"type":"binary-expr","locations":[{"start":{"line":221,"column":31},"end":{"line":221,"column":56}},{"start":{"line":221,"column":56},"end":{"line":221,"column":null}}],"line":221},"7":{"loc":{"start":{"line":222,"column":26},"end":{"line":222,"column":null}},"type":"binary-expr","locations":[{"start":{"line":222,"column":26},"end":{"line":222,"column":47}},{"start":{"line":222,"column":47},"end":{"line":222,"column":null}}],"line":222},"8":{"loc":{"start":{"line":223,"column":29},"end":{"line":223,"column":null}},"type":"binary-expr","locations":[{"start":{"line":223,"column":29},"end":{"line":223,"column":52}},{"start":{"line":223,"column":52},"end":{"line":223,"column":null}}],"line":223},"9":{"loc":{"start":{"line":238,"column":2},"end":{"line":238,"column":null}},"type":"if","locations":[{"start":{"line":238,"column":2},"end":{"line":238,"column":null}},{"start":{},"end":{}}],"line":238},"10":{"loc":{"start":{"line":274,"column":23},"end":{"line":274,"column":null}},"type":"binary-expr","locations":[{"start":{"line":274,"column":23},"end":{"line":274,"column":42}},{"start":{"line":274,"column":42},"end":{"line":274,"column":null}}],"line":274},"11":{"loc":{"start":{"line":280,"column":20},"end":{"line":280,"column":null}},"type":"binary-expr","locations":[{"start":{"line":280,"column":20},"end":{"line":280,"column":36}},{"start":{"line":280,"column":36},"end":{"line":280,"column":null}}],"line":280},"12":{"loc":{"start":{"line":283,"column":19},"end":{"line":283,"column":null}},"type":"binary-expr","locations":[{"start":{"line":283,"column":19},"end":{"line":283,"column":63}},{"start":{"line":283,"column":63},"end":{"line":283,"column":null}}],"line":283},"13":{"loc":{"start":{"line":301,"column":4},"end":{"line":303,"column":null}},"type":"if","loc
[...]
38:10:238:Infinity":72,"b:238:24:238:50:238:50:238:54":19,"b:240:4:240:Infinity:undefined:undefined:undefined:undefined":20,"s:240:4:240:Infinity":73,"s:240:39:240:Infinity":74,"b:242:4:242:Infinity:undefined:undefined:undefined:undefined":21,"s:242:4:242:Infinity":75,"s:242:36:242:Infinity":76,"b:243:4:243:Infinity:undefined:undefined:undefined:undefined":22,"s:243:4:243:Infinity":77,"s:243:43:243:Infinity":78,"b:244:4:244:Infinity:undefined:undefined:undefined:undefined":23,"s:244:4:244:Infinity":79,"s:244:35:244:Infinity":80,"s:245:4:245:Infinity":81,"f:252:10:252:25":10,"s:253:22:253:Infinity":82,"s:256:18:256:Infinity":83,"s:259:4:272:Infinity":84,"s:259:17:259:35":85,"s:260:19:260:Infinity":86,"b:261:6:271:Infinity:undefined:undefined:undefined:undefined":24,"s:261:6:271:Infinity":87,"b:261:10:261:18:261:18:261:43":25,"s:263:24:265:Infinity":88,"b:267:8:269:Infinity:undefined:undefined:undefined:undefined":26,"s:267:8:269:Infinity":89,"s:268:10:268:Infinity":90,"s:270:8:270:Infinity":91,"s:275:28:285:Infinity":92,"f:275:41:275:49":11,"s:276:22:276:Infinity":93,"b:277:6:277:Infinity:undefined:undefined:undefined:undefined":27,"s:277:6:277:Infinity":94,"s:277:20:277:Infinity":95,"b:278:6:278:Infinity:undefined:undefined:undefined:undefined":28,"s:278:6:278:Infinity":96,"s:278:30:278:Infinity":97,"b:279:6:279:Infinity:undefined:undefined:undefined:undefined":29,"s:279:6:279:Infinity":98,"s:279:38:279:Infinity":99,"b:281:6:281:Infinity:undefined:undefined:undefined:undefined":30,"s:281:6:281:Infinity":100,"s:281:39:281:Infinity":101,"b:283:6:283:Infinity:undefined:undefined:undefined:undefined":31,"s:283:6:283:Infinity":102,"s:283:53:283:Infinity":103,"s:284:6:284:Infinity":104,"b:287:4:287:Infinity:undefined:undefined:undefined:undefined":32,"s:287:4:287:Infinity":105,"s:287:38:287:Infinity":106,"s:289:19:289:Infinity":107,"s:291:4:291:Infinity":108,"b:294:4:294:Infinity:undefined:undefined:undefined:undefined":33,"s:294:4:294:Infinity":109,"s:294:41:294:Infinity":110,"b:296:4:298:Infinity:undefined:undefined:undefined:undefined":34,"s:296:4:298:Infinity":111,"s:297:6:297:Infinity":112,"s:300:4:300:Infinity":113,"b:300:11:300:23:300:23:300:Infinity":35,"f:306:2:306:14":12,"b:308:4:311:Infinity:undefined:undefined:undefined:undefined":36,"s:308:4:311:Infinity":114,"s:309:6:309:Infinity":115,"s:310:6:310:Infinity":116,"s:314:4:314:Infinity":117,"b:315:4:317:Infinity:undefined:undefined:undefined:undefined":37,"s:315:4:317:Infinity":118,"s:316:6:316:Infinity":119,"s:319:24:319:Infinity":120,"s:322:4:322:Infinity":121,"s:324:39:324:Infinity":122,"s:325:33:325:Infinity":123,"s:328:25:328:Infinity":124,"b:331:4:339:Infinity:undefined:undefined:undefined:undefined":38,"s:331:4:339:Infinity":125,"b:333:6:338:Infinity:335:6:338:Infinity":39,"s:333:6:338:Infinity":126,"s:334:8:334:Infinity":127,"b:335:6:338:Infinity:undefined:undefined:undefined:undefined":40,"s:335:6:338:Infinity":128,"s:337:8:337:Infinity":129,"s:343:4:343:Infinity":130,"b:346:4:348:Infinity:undefined:undefined:undefined:undefined":41,"s:346:4:348:Infinity":131,"b:346:8:346:19:346:19:346:47":42,"s:347:6:347:Infinity":132,"b:351:4:353:Infinity:undefined:undefined:undefined:undefined":43,"s:351:4:353:Infinity":133,"b:351:8:351:20:351:20:351:44":44,"s:352:6:352:Infinity":134,"b:356:4:358:Infinity:undefined:undefined:undefined:undefined":45,"s:356:4:358:Infinity":135,"s:357:6:357:Infinity":136,"b:359:4:361:Infinity:undefined:undefined:undefined:undefined":46,"s:359:4:361:Infinity":137,"s:360:6:360:Infinity":138,"s:363:4:366:Infinity":139,"f:373:2:373:34":13,"b:376:4:378:Infinity:undefined:undefined:undefined:undefined":47,"s:376:4:378:Infinity":140,"s:377:6:377:Infinity":141,"b:381:4:383:Infinity:undefined:undefined:undefined:undefined":48,"s:381:4:383:Infinity":142,"s:382:6:382:Infinity":143,"s:385:4:388:Infinity":144,"f:394:2:394:22":14,"s:395:4:395:Infinity":145,"f:401:2:401:31":15,"s:402:4:402:Infinity":146,"f:408:2:408:16":16,"s:409:4:409:Infinity":147,"s:410:4:410:Infinity":148,"s:411:4:411:Infinity":149,"s:412:4:412:Infinity":150,"s:413:4:413:Infinity":151,"b:414:4:417:Infinity:undefined:undefined:undefined:undefined":49,"s:414:4:417:Infinity":152,"s:415:6:415:Infinity":153,"s:416:6:416:Infinity":154}}}
,"/Users/robennals/broomer-repos/broomer/feature/codex-gemini/src/renderer/utils/explorerHelpers.ts": {"path":"/Users/robennals/broomer-repos/broomer/feature/codex-gemini/src/renderer/utils/explorerHelpers.ts","statementMap":{"0":{"start":{"line":5,"column":2},"end":{"line":12,"column":null}},"1":{"start":{"line":6,"column":21},"end":{"line":6,"column":null}},"2":{"start":{"line":7,"column":18},"end":{"line":7,"column":null}},"3":{"start":{"line":8,"column":20},"end":{"line":8,"column":null}},"4":{"start":{"line":9,"column":22},"end":{"line":9,"column":null}},"5":{"start":{"line":10,"column":20},"end":{"line":10,"column":null}},"6":{"start":{"line":11,"column":13},"end":{"line":11,"column":null}},"7":{"start":{"line":19,"column":2},"end":{"line":26,"column":null}},"8":{"start":{"line":20,"column":21},"end":{"line":20,"column":null}},"9":{"start":{"line":21,"column":18},"end":{"line":21,"column":null}},"10":{"start":{"line":22,"column":20},"end":{"line":22,"column":null}},"11":{"start":{"line":23,"column":22},"end":{"line":23,"column":null}},"12":{"start":{"line":24,"column":20},"end":{"line":24,"column":null}},"13":{"start":{"line":25,"column":13},"end":{"line":25,"column":null}},"14":{"start":{"line":33,"column":2},"end":{"line":33,"column":null}},"15":{"start":{"line":40,"column":2},"end":{"line":47,"column":null}},"16":{"start":{"line":41,"column":21},"end":{"line":41,"column":null}},"17":{"start":{"line":42,"column":18},"end":{"line":42,"column":null}},"18":{"start":{"line":43,"column":20},"end":{"line":43,"column":null}},"19":{"start":{"line":44,"column":22},"end":{"line":44,"column":null}},"20":{"start":{"line":45,"column":20},"end":{"line":45,"column":null}},"21":{"start":{"line":46,"column":13},"end":{"line":46,"column":null}},"22":{"start":{"line":54,"column":2},"end":{"line":54,"column":null}},"23":{"start":{"line":54,"column":33},"end":{"line":54,"column":null}},"24":{"start":{"line":55,"column":2},"end":{"line":55,"column":null}},"25":{"start":{"line":62,"column":2},"end":{"line":62,"column":null}},"26":{"start":{"line":69,"column":2},"end":{"line":72,"column":null}},"27":{"start":{"line":70,"column":30},"end":{"line":70,"column":38}},"28":{"start":{"line":71,"column":32},"end":{"line":71,"column":41}},"29":{"start":{"line":79,"column":2},"end":{"line":79,"column":null}},"30":{"start":{"line":86,"column":2},"end":{"line":90,"column":null}},"31":{"start":{"line":87,"column":17},"end":{"line":87,"column":null}},"32":{"start":{"line":88,"column":19},"end":{"line":88,"column":null}},"33":{"start":{"line":89,"column":13},"end":{"line":89,"column":null}}},"fnMap":{"0":{"name":"statusLabel","decl":{"start":{"line":4,"column":16},"end":{"line":4,"column":28}},"loc":{"start":{"line":4,"column":52},"end":{"line":13,"column":null}},"line":4},"1":{"name":"getStatusColor","decl":{"start":{"line":18,"column":16},"end":{"line":18,"column":31}},"loc":{"start":{"line":18,"column":56},"end":{"line":27,"column":null}},"line":18},"2":{"name":"statusBadgeLetter","decl":{"start":{"line":32,"column":16},"end":{"line":32,"column":34}},"loc":{"start":{"line":32,"column":58},"end":{"line":34,"column":null}},"line":32},"3":{"name":"statusBadgeColor","decl":{"start":{"line":39,"column":16},"end":{"line":39,"column":33}},"loc":{"start":{"line":39,"column":57},"end":{"line":48,"column":null}},"line":39},"4":{"name":"truncateError","decl":{"start":{"line":53,"column":16},"end":{"line":53,"column":30}},"loc":{"start":{"line":53,"column":69},"end":{"line":56,"column":null}},"line":53},"5":{"name":"shouldShowPushToMain","decl":{"start":{"line":61,"column":16},"end":{"line":61,"column":37}},"loc":{"start":{"line":61,"column":98},"end":{"line":63,"column":null}},"line":61},"6":{"name":"splitStagedFiles","decl":{"start":{"line":68,"column":16},"end":{"line":68,"column":64}},"loc":{"start":{"line":68,"column":108},"end":{"line":73,"column":null}},"line":68},"7":{"name":"(anonymous_7)","decl":{"start":{"line":70,"column":25},"end":{"line":70,"column":30}},"loc":{"start":{"line":70,"column":30},"end":{"line":70,"column":38}},"line":70},"8":{"name":"(anonymous_8)","decl":{"start":{"line":71,"column":27},"end":{"line":71,"column":32}},"loc":{"start":{"line":71,"column":32},"end":{"line":71,"column":41}},"line":71},"9":{"name":"isPrOpen","decl":{"start":{"line":78,"column":16},"end":{"line":78,"column":25}},"loc":{"start":{"line":78,"column":52},"end":{"line":80,"column":null}},"line":78},"10":{"name":"prStateBadgeClass","decl":{"start":{"line":85,"column":16},"end":{"line":85,"column":34}},"loc":{"start":{"line":85,"column":57},"end":{"line":91,"column":null}},"line":85}},"branchMap":{"0":{"loc":{"start":{"line":5,"column":2},"end":{"line":12,"column":null}},"type":"switch","locations":[{"start":{"line":6,"column":4},"end":{"line":6,"column":null}},{"start":{"line":7,"column":4},"end":{"line":7,"column":null}},{"start":{"line":8,"column":4},"end":{"line":8,"column":null}},{"start":{"line":9,"column":4},"end":{"line":9,"column":null}},{"start":{"line":10,"column":4},"end":{"line":10,"column":null}},{"start":{"line":11,"column":4},"end":{"line":11,"column":null}}],"line":5},"1":{"loc":{"start":{"line":19,"column":2},"end":{"line":26,"column":null}},"type":"switch","locations":[{"start":{"line":20,"column":4},"end":{"line":20,"column":null}},{"start":{"line":21,"column":4},"end":{"line":21,"column":null}},{"start":{"line":22,"column":4},"end":{"line":22,"column":null}},{"start":{"line":23,"column":4},"end":{"line":23,"column":null}},{"start":{"line":24,"column":4},"end":{"line":24,"column":null}},{"start":{"line":25,"column":4},"end":{"line":25,"column":null}}],"line":19},"2":{"loc":{"start":{"line":40,"column":2},"end":{"line":47,"column":null}},"type":"switch","locations":[{"start":{"line":41,"column":4},"end":{"line":41,"column":null}},{"start":{"line":42,"column":4},"end":{"line":42,"column":null}},{"start":{"line":43,"column":4},"end":{"line":43,"column":null}},{"start":{"line":44,"column":4},"end":{"line":44,"column":null}},{"start":{"line":45,"column":4},"end":{"line":45,"column":null}},{"start":{"line":46,"column":4},"end":{"line":46,"column":null}}],"line":40},"3":{"loc":{"start":{"line":53,"column":45},"end":{"line":53,"column":69}},"type":"default-arg","locations":[{"start":{"line":53,"column":57},"end":{"line":53,"column":69}}],"line":53},"4":{"loc":{"start":{"line":54,"column":2},"end":{"line":54,"column":null}},"type":"if","locations":[{"start":{"line":54,"column":2},"end":{"line":54,"column":null}},{"start":{},"end":{}}],"line":54},"5":{"loc":{"start":{"line":62,"column":9},"end":{"line":62,"column":null}},"type":"binary-expr","locations":[{"start":{"line":62,"column":9},"end":{"line":62,"column":28}},{"start":{"line":62,"column":28},"end":{"line":62,"column":null}}],"line":62},"6":{"loc":{"start":{"line":86,"column":2},"end":{"line":90,"column":null}},"type":"switch","locations":[{"start":{"line":87,"column":4},"end":{"line":87,"column":null}},{"start":{"line":88,"column":4},"end":{"line":88,"column":null}},{"start":{"line":89,"column":4},"end":{"line":89,"column":null}}],"line":86}},"s":{"0":7,"1":1,"2":1,"3":1,"4":1,"5":1,"6":2,"7":7,"8":1,"9":1,"10":1,"11":1,"12":1,"13":2,"14":6,"15":6,"16":1,"17":1,"18":1,"19":1,"20":1,"21":1,"22":5,"23":3,"24":2,"25":5,"26":5,"27":9,"28":9,"29":4,"30":4,"31":1,"32":1,"33":2},"f":{"0":7,"1":7,"2":6,"3":6,"4":5,"5":5,"6":5,"7":9,"8":9,"9":4,"10":4},"b":{"0":[1,1,1,1,1,2],"1":[1,1,1,1,1,2],"2":[1,1,1,1,1,1],"3":[5],"4":[3,2],"5":[5,3],"6":[1,1,2]},"meta":{"lastBranch":7,"lastFunction":11,"lastStatement":34,"seen":{"f:4:16:4:28":0,"b:6:4:6:Infinity:7:4:7:Infinity:8:4:8:Infinity:9:4:9:Infinity:10:4:10:Infinity:11:4:11:Infinity":0,"s:5:2:12:Infinity":0,"s:6:21:6:Infinity":1,"s:7:18:7:Infinity":2,"s:8:20:8:Infinity":3,"s:9:22:9:Infinity":4,"s:10:20:10:Infinity":5,"s:11:13:11:Infinity":6,"f:18:16:18:31":1,"b:20:4:20:Infinity:21:4:21:Infinity:22:4:22:Infinity:23:4:23:Infinity:24:4:24:Infinity:25:4:25:Infinity":1,"s:19:2:26:Infinity":7,"s:20:21:20:Infinity":8,"s:21:18:21:Infinity":9,"s:22:20:22:Infinity":10,"s:23:22:23:Infinity":11,"s:24:20:24:Infinity":12,"s:25:13:25:Infinity":13,"f:32:16:32:34":2,"s:33:2:33:Infinity":14,"f:39:16:39:33":3,"b:41:4:41:Infinity:42:4:42:Infinity:43:4:43:Infinity:44:4:44:Infinity:45:4:45:Infinity:46:4:46:Infinity":2,"s:40:2:47:Infinity":15,"s:41:21:41:Infinity":16,"s:42:18:42:Infinity":17,"s:43:20:43:Infinity":18,"s:44:22:44:Infinity":19,"s:45:20:45:Infinity":20,"s:46:13:46:Infinity":21,"f:53:16:53:30":4,"b:53:57:53:69":3,"b:54:2:54:Infinity:undefined:undefined:undefined:undefined":4,"s:54:2:54:Infinity":22,"s:54:33:54:Infinity":23,"s:55:2:55:Infinity":24,"f:61:16:61:37":5,"s:62:2:62:Infinity":25,"b:62:9:62:28:62:28:62:Infinity":5,"f:68:16:68:64":6,"s:69:2:72:Infinity":26,"f:70:25:70:30":7,"s:70:30:70:38":27,"f:71:27:71:32":8,"s:71:32:71:41":28,"f:78:16:78:25":9,"s:79:2:79:Infinity":29,"f:85:16:85:34":10,"b:87:4:87:Infinity:88:4:88:Infinity:89:4:89:Infinity":6,"s:86:2:90:Infinity":30,"s:87:17:87:Infinity":31,"s:88:19:88:Infinity":32,"s:89:13:89:Infinity":33}}}
,"/Users/robennals/broomer-repos/broomer/feature/codex-gemini/src/renderer/utils/slugify.ts": {"path":"/Users/robennals/broomer-repos/broomer/feature/codex-gemini/src/renderer/utils/slugify.ts","statementMap":{"0":{"start":{"line":2,"column":15},"end":{"line":8,"column":null}},"1":{"start":{"line":9,"column":2},"end":{"line":9,"column":null}}},"fnMap":{"0":{"name":"issueToBranchName","decl":{"start":{"line":1,"column":16},"end":{"line":1,"column":34}},"loc":{"start":{"line":1,"column":84},"end":{"line":10,"column":null}},"line":1}},"branchMap":{},"s":{"0":6,"1":6},"f":{"0":6},"b":{},"meta":{"lastBranch":0,"lastFunction":1,"lastStatement":2,"seen":{"f:1:16:1:34":0,"s:2:15:8:Infinity":0,"s:9:2:9:Infinity":1}}}
,"/Users/robennals/broomer-repos/broomer/feature/codex-gemini/src/renderer/utils/terminalBufferRegistry.ts": {"path":"/Users/robennals/broomer-repos/broomer/feature/codex-gemini/src/renderer/utils/terminalBufferRegistry.ts","statementMap":{"0":{"start":{"line":6,"column":22},"end":{"line":6,"column":null}},"1":{"start":{"line":8,"column":38},"end":{"line":31,"column":null}},"2":{"start":{"line":10,"column":4},"end":{"line":10,"column":null}},"3":{"start":{"line":14,"column":4},"end":{"line":14,"column":null}},"4":{"start":{"line":18,"column":19},"end":{"line":18,"column":null}},"5":{"start":{"line":19,"column":4},"end":{"line":19,"column":null}},"6":{"start":{"line":24,"column":19},"end":{"line":24,"column":null}},"7":{"start":{"line":25,"column":4},"end":{"line":25,"column":null}},"8":{"start":{"line":25,"column":17},"end":{"line":25,"column":null}},"9":{"start":{"line":27,"column":18},"end":{"line":27,"column":null}},"10":{"start":{"line":28,"column":22},"end":{"line":28,"column":null}},"11":{"start":{"line":29,"column":4},"end":{"line":29,"column":null}}},"fnMap":{"0":{"name":"(anonymous_0)","decl":{"start":{"line":9,"column":2},"end":{"line":9,"column":11}},"loc":{"start":{"line":9,"column":52},"end":{"line":11,"column":null}},"line":9},"1":{"name":"(anonymous_1)","decl":{"start":{"line":13,"column":2},"end":{"line":13,"column":13}},"loc":{"start":{"line":13,"column":32},"end":{"line":15,"column":null}},"line":13},"2":{"name":"(anonymous_2)","decl":{"start":{"line":17,"column":2},"end":{"line":17,"column":12}},"loc":{"start":{"line":17,"column":46},"end":{"line":20,"column":null}},"line":17},"3":{"name":"(anonymous_3)","decl":{"start":{"line":23,"column":2},"end":{"line":23,"column":15}},"loc":{"start":{"line":23,"column":68},"end":{"line":30,"column":null}},"line":23}},"branchMap":{"0":{"loc":{"start":{"line":19,"column":11},"end":{"line":19,"column":null}},"type":"cond-expr","locations":[{"start":{"line":19,"column":20},"end":{"line":19,"column":31}},{"start":{"line":19,"column":31},"end":{"line":19,"column":null}}],"line":19},"1":{"loc":{"start":{"line":25,"column":4},"end":{"line":25,"column":null}},"type":"if","locations":[{"start":{"line":25,"column":4},"end":{"line":25,"column":null}},{"start":{},"end":{}}],"line":25}},"s":{"0":1,"1":1,"2":8,"3":17,"4":9,"5":9,"6":3,"7":3,"8":1,"9":2,"10":2,"11":2},"f":{"0":8,"1":17,"2":9,"3":3},"b":{"0":[6,3],"1":[1,2]},"meta":{"lastBranch":2,"lastFunction":4,"lastStatement":12,"seen":{"s:6:22:6:Infinity":0,"s:8:38:31:Infinity":1,"f:9:2:9:11":0,"s:10:4:10:Infinity":2,"f:13:2:13:13":1,"s:14:4:14:Infinity":3,"f:17:2:17:12":2,"s:18:19:18:Infinity":4,"s:19:4:19:Infinity":5,"b:19:20:19:31:19:31:19:Infinity":0,"f:23:2:23:15":3,"s:24:19:24:Infinity":6,"b:25:4:25:Infinity:undefined:undefined:undefined:undefined":1,"s:25:4:25:Infinity":7,"s:25:17:25:Infinity":8,"s:27:18:27:Infinity":9,"s:28:22:28:Infinity":10,"s:29:4:29:Infinity":11}}}
,"/Users/robennals/broomer-repos/broomer/feature/codex-gemini/src/renderer/utils/textDetection.ts": {"path":"/Users/robennals/broomer-repos/broomer/feature/codex-gemini/src/renderer/utils/textDetection.ts","statementMap":{"0":{"start":{"line":6,"column":2},"end":{"line":6,"column":null}},"1":{"start":{"line":6,"column":40},"end":{"line":6,"column":null}},"2":{"start":{"line":8,"column":2},"end":{"line":8,"column":null}},"3":{"start":{"line":8,"column":30},"end":{"line":8,"column":null}},"4":{"start":{"line":10,"column":25},"end":{"line":13,"column":null}},"5":{"start":{"line":11,"column":17},"end":{"line":11,"column":null}},"6":{"start":{"line":12,"column":4},"end":{"line":12,"column":null}},"7":{"start":{"line":14,"column":2},"end":{"line":14,"column":null}}},"fnMap":{"0":{"name":"isTextContent","decl":{"start":{"line":5,"column":16},"end":{"line":5,"column":30}},"loc":{"start":{"line":5,"column":56},"end":{"line":15,"column":null}},"line":5},"1":{"name":"(anonymous_1)","decl":{"start":{"line":10,"column":50},"end":{"line":10,"column":51}},"loc":{"start":{"line":10,"column":60},"end":{"line":13,"column":3}},"line":10}},"branchMap":{"0":{"loc":{"start":{"line":6,"column":2},"end":{"line":6,"column":null}},"type":"if","locations":[{"start":{"line":6,"column":2},"end":{"line":6,"column":null}},{"start":{},"end":{}}],"line":6},"1":{"loc":{"start":{"line":6,"column":6},"end":{"line":6,"column":40}},"type":"binary-expr","locations":[{"start":{"line":6,"column":6},"end":{"line":6,"column":18}},{"start":{"line":6,"column":18},"end":{"line":6,"column":40}}],"line":6},"2":{"loc":{"start":{"line":8,"column":2},"end":{"line":8,"column":null}},"type":"if","locations":[{"start":{"line":8,"column":2},"end":{"line":8,"column":null}},{"start":{},"end":{}}],"line":8},"3":{"loc":{"start":{"line":12,"column":12},"end":{"line":12,"column":null}},"type":"binary-expr","locations":[{"start":{"line":12,"column":12},"end":{"line":12,"column":26}},{"start":{"line":12,"column":26},"end":{"line":12,"column":42}},{"start":{"line":12,"column":42},"end":{"line":12,"column":56}},{"start":{"line":12,"column":56},"end":{"line":12,"column":71}},{"start":{"line":12,"column":71},"end":{"line":12,"column":87}},{"start":{"line":12,"column":87},"end":{"line":12,"column":102}},{"start":{"line":12,"column":102},"end":{"line":12,"column":null}}],"line":12}},"s":{"0":11,"1":1,"2":10,"3":1,"4":9,"5":376,"6":376,"7":9},"f":{"0":11,"1":376},"b":{"0":[1,10],"1":[11,10],"2":[1,9],"3":[376,314,66,64,57,54,4]},"meta":{"lastBranch":4,"lastFunction":2,"lastStatement":8,"seen":{"f:5:16:5:30":0,"b:6:2:6:Infinity:undefined:undefined:undefined:undefined":0,"s:6:2:6:Infinity":0,"b:6:6:6:18:6:18:6:40":1,"s:6:40:6:Infinity":1,"b:8:2:8:Infinity:undefined:undefined:undefined:undefined":2,"s:8:2:8:Infinity":2,"s:8:30:8:Infinity":3,"s:10:25:13:Infinity":4,"f:10:50:10:51":1,"s:11:17:11:Infinity":5,"s:12:4:12:Infinity":6,"b:12:12:12:26:12:26:12:42:12:42:12:56:12:56:12:71:12:71:12:87:12:87:12:102:12:102:12:Infinity":3,"s:14:2:14:Infinity":7}}}
}
